2023-03-14 22:23:03,459 [INFO] Starting wlasl100...


2023-03-15 14:17:24,754 [INFO] Starting wlasl100...


2023-03-15 14:23:18,260 [INFO] Starting wlasl100...


2023-03-15 19:44:25,252 [INFO] Starting wlasl100...


2023-03-15 19:44:37,484 [INFO] Problematic normalization
2023-03-15 19:44:37,866 [INFO] Problematic normalization
2023-03-15 19:44:48,726 [INFO] Problematic normalization
2023-03-15 19:44:48,727 [INFO] Problematic normalization
2023-03-15 19:44:48,727 [INFO] Problematic normalization
2023-03-15 19:44:48,727 [INFO] Problematic normalization
2023-03-15 19:44:48,727 [INFO] Problematic normalization
2023-03-15 19:44:48,727 [INFO] Problematic normalization
2023-03-15 19:44:48,727 [INFO] Problematic normalization
2023-03-15 19:44:48,727 [INFO] Problematic normalization
2023-03-15 19:44:48,727 [INFO] Problematic normalization
2023-03-15 19:44:48,727 [INFO] Problematic normalization
2023-03-15 19:44:48,727 [INFO] Problematic normalization
2023-03-15 19:44:48,727 [INFO] Problematic normalization
2023-03-15 19:44:48,727 [INFO] Problematic normalization
2023-03-15 19:44:48,727 [INFO] Problematic normalization
2023-03-15 19:44:48,727 [INFO] Problematic normalization
2023-03-15 19:44:48,727 [INFO] Problematic normalization
2023-03-15 19:44:48,728 [INFO] Problematic normalization
2023-03-15 19:44:48,728 [INFO] Problematic normalization
2023-03-15 19:44:48,728 [INFO] Problematic normalization
2023-03-15 19:44:48,728 [INFO] Problematic normalization
2023-03-15 19:44:48,728 [INFO] Problematic normalization
2023-03-15 19:44:48,728 [INFO] Problematic normalization
2023-03-15 19:44:48,728 [INFO] Problematic normalization
2023-03-15 19:44:48,728 [INFO] Problematic normalization
2023-03-15 19:44:48,728 [INFO] Problematic normalization
2023-03-15 19:44:48,728 [INFO] Problematic normalization
2023-03-15 19:44:48,728 [INFO] Problematic normalization
2023-03-15 19:44:51,378 [INFO] Problematic normalization
2023-03-15 19:44:51,378 [INFO] Problematic normalization
2023-03-15 19:44:51,378 [INFO] Problematic normalization
2023-03-15 19:44:51,378 [INFO] Problematic normalization
2023-03-15 19:44:51,378 [INFO] Problematic normalization
2023-03-15 19:44:51,378 [INFO] Problematic normalization
2023-03-15 19:44:51,378 [INFO] Problematic normalization
2023-03-15 19:44:51,378 [INFO] Problematic normalization
2023-03-15 19:44:51,378 [INFO] Problematic normalization
2023-03-15 19:44:51,378 [INFO] Problematic normalization
2023-03-15 19:44:51,379 [INFO] Problematic normalization
2023-03-15 19:44:51,379 [INFO] Problematic normalization
2023-03-15 19:44:51,379 [INFO] Problematic normalization
2023-03-15 19:44:51,379 [INFO] Problematic normalization
2023-03-15 19:44:51,379 [INFO] Problematic normalization
2023-03-15 19:44:51,379 [INFO] Problematic normalization
2023-03-15 19:44:51,379 [INFO] Problematic normalization
2023-03-15 19:44:51,379 [INFO] Problematic normalization
2023-03-15 19:44:51,379 [INFO] Problematic normalization
2023-03-15 19:44:51,379 [INFO] Problematic normalization
2023-03-15 19:44:51,379 [INFO] Problematic normalization
2023-03-15 19:44:51,379 [INFO] Problematic normalization
2023-03-15 19:44:51,379 [INFO] Problematic normalization
2023-03-15 19:44:51,379 [INFO] Problematic normalization
2023-03-15 19:44:51,379 [INFO] Problematic normalization
2023-03-15 19:44:51,379 [INFO] Problematic normalization
2023-03-15 19:44:51,379 [INFO] Problematic normalization
2023-03-15 19:44:51,379 [INFO] Problematic normalization
2023-03-15 19:44:51,379 [INFO] Problematic normalization
2023-03-15 19:44:51,379 [INFO] Problematic normalization
2023-03-15 19:44:51,379 [INFO] Problematic normalization
2023-03-15 19:44:51,379 [INFO] Problematic normalization
2023-03-15 19:45:08,124 [INFO] Problematic normalization
2023-03-15 19:45:23,030 [INFO] Problematic normalization
2023-03-15 19:45:49,117 [INFO] Problematic normalization
2023-03-15 19:45:49,118 [INFO] Problematic normalization
2023-03-15 19:45:51,030 [INFO] Problematic normalization
2023-03-15 19:45:51,030 [INFO] Problematic normalization
2023-03-15 19:45:51,030 [INFO] Problematic normalization
2023-03-15 19:45:51,030 [INFO] Problematic normalization
2023-03-15 19:45:51,030 [INFO] Problematic normalization
2023-03-15 19:45:51,030 [INFO] Problematic normalization
2023-03-15 19:45:51,030 [INFO] Problematic normalization
2023-03-15 19:45:51,030 [INFO] Problematic normalization
2023-03-15 19:45:51,030 [INFO] Problematic normalization
2023-03-15 19:45:51,030 [INFO] Problematic normalization
2023-03-15 19:45:51,030 [INFO] Problematic normalization
2023-03-15 19:45:51,030 [INFO] Problematic normalization
2023-03-15 19:45:51,030 [INFO] Problematic normalization
2023-03-15 19:45:51,030 [INFO] Problematic normalization
2023-03-15 19:45:51,030 [INFO] Problematic normalization
2023-03-15 19:45:51,030 [INFO] Problematic normalization
2023-03-15 19:45:51,030 [INFO] Problematic normalization
2023-03-15 19:45:51,030 [INFO] Problematic normalization
2023-03-15 19:45:51,030 [INFO] Problematic normalization
2023-03-15 19:45:51,031 [INFO] Problematic normalization
2023-03-15 19:45:51,031 [INFO] Problematic normalization
2023-03-15 19:45:51,031 [INFO] Problematic normalization
2023-03-15 19:45:51,031 [INFO] Problematic normalization
2023-03-15 19:45:51,031 [INFO] Problematic normalization
2023-03-15 19:45:51,031 [INFO] Problematic normalization
2023-03-15 19:45:51,031 [INFO] Problematic normalization
2023-03-15 19:45:51,031 [INFO] Problematic normalization
2023-03-15 19:45:51,031 [INFO] Problematic normalization
2023-03-15 19:45:51,031 [INFO] Problematic normalization
2023-03-15 19:45:51,031 [INFO] Problematic normalization
2023-03-15 19:45:51,031 [INFO] Problematic normalization
2023-03-15 19:45:51,031 [INFO] Problematic normalization
2023-03-15 19:45:51,031 [INFO] Problematic normalization
2023-03-15 19:45:51,031 [INFO] Problematic normalization
2023-03-15 19:45:51,031 [INFO] Problematic normalization
2023-03-15 19:45:51,031 [INFO] Problematic normalization
2023-03-15 19:45:51,031 [INFO] Problematic normalization
2023-03-15 19:45:51,031 [INFO] Problematic normalization
2023-03-15 19:45:51,031 [INFO] Problematic normalization
2023-03-15 19:45:51,031 [INFO] Problematic normalization
2023-03-15 19:45:51,031 [INFO] Problematic normalization
2023-03-15 19:45:51,031 [INFO] Problematic normalization
2023-03-15 19:45:51,031 [INFO] Problematic normalization
2023-03-15 19:45:51,031 [INFO] Problematic normalization
2023-03-15 19:45:51,031 [INFO] Problematic normalization
2023-03-15 19:45:51,031 [INFO] Problematic normalization
2023-03-15 19:45:51,032 [INFO] Problematic normalization
2023-03-15 19:45:51,032 [INFO] Problematic normalization
2023-03-15 19:45:51,032 [INFO] Problematic normalization
2023-03-15 19:45:51,032 [INFO] Problematic normalization
2023-03-15 19:45:51,032 [INFO] Problematic normalization
2023-03-15 19:45:51,032 [INFO] Problematic normalization
2023-03-15 19:45:51,032 [INFO] Problematic normalization
2023-03-15 19:45:51,032 [INFO] Problematic normalization
2023-03-15 19:45:51,032 [INFO] Problematic normalization
2023-03-15 19:45:51,032 [INFO] Problematic normalization
2023-03-15 19:45:51,032 [INFO] Problematic normalization
2023-03-15 19:45:51,032 [INFO] Problematic normalization
2023-03-15 19:45:51,032 [INFO] Problematic normalization
2023-03-15 19:45:57,470 [INFO] Problematic normalization
2023-03-15 19:45:57,474 [INFO] Problematic normalization
2023-03-15 19:46:03,547 [INFO] Problematic normalization
2023-03-15 19:46:12,326 [INFO] Problematic normalization
2023-03-15 19:46:14,446 [INFO] Problematic normalization
2023-03-15 19:46:16,182 [INFO] Problematic normalization
2023-03-15 19:46:16,182 [INFO] Problematic normalization
2023-03-15 19:46:16,182 [INFO] Problematic normalization
2023-03-15 19:46:16,182 [INFO] Problematic normalization
2023-03-15 19:46:16,182 [INFO] Problematic normalization
2023-03-15 19:46:16,182 [INFO] Problematic normalization
2023-03-15 19:46:16,182 [INFO] Problematic normalization
2023-03-15 19:46:16,182 [INFO] Problematic normalization
2023-03-15 19:46:16,182 [INFO] Problematic normalization
2023-03-15 19:46:16,182 [INFO] Problematic normalization
2023-03-15 19:46:16,182 [INFO] Problematic normalization
2023-03-15 19:46:16,182 [INFO] Problematic normalization
2023-03-15 19:46:16,182 [INFO] Problematic normalization
2023-03-15 19:46:16,182 [INFO] Problematic normalization
2023-03-15 19:46:16,183 [INFO] Problematic normalization
2023-03-15 19:46:16,183 [INFO] Problematic normalization
2023-03-15 19:46:16,183 [INFO] Problematic normalization
2023-03-15 19:46:16,183 [INFO] Problematic normalization
2023-03-15 19:46:16,183 [INFO] Problematic normalization
2023-03-15 19:46:16,183 [INFO] Problematic normalization
2023-03-15 19:46:16,183 [INFO] Problematic normalization
2023-03-15 19:46:16,183 [INFO] Problematic normalization
2023-03-15 19:46:16,183 [INFO] Problematic normalization
2023-03-15 19:46:16,183 [INFO] Problematic normalization
2023-03-15 19:46:28,283 [INFO] Problematic normalization
2023-03-15 19:46:59,904 [INFO] [1] TRAIN  loss: 4.680485951586339 acc: 0.011789181692094313
2023-03-15 19:46:59,905 [INFO] [1] VALIDATION  acc: 0.032640949554896145
2023-03-15 19:46:59,905 [INFO] 
2023-03-15 19:47:02,901 [INFO] Problematic normalization
2023-03-15 19:47:13,389 [INFO] Problematic normalization
2023-03-15 19:47:13,390 [INFO] Problematic normalization
2023-03-15 19:47:13,393 [INFO] Problematic normalization
2023-03-15 19:47:13,393 [INFO] Problematic normalization
2023-03-15 19:47:27,898 [INFO] Problematic normalization
2023-03-15 19:47:27,899 [INFO] Problematic normalization
2023-03-15 19:47:27,899 [INFO] Problematic normalization
2023-03-15 19:47:27,899 [INFO] Problematic normalization
2023-03-15 19:47:27,899 [INFO] Problematic normalization
2023-03-15 19:47:27,899 [INFO] Problematic normalization
2023-03-15 19:47:27,899 [INFO] Problematic normalization
2023-03-15 19:47:27,899 [INFO] Problematic normalization
2023-03-15 19:47:27,899 [INFO] Problematic normalization
2023-03-15 19:47:27,899 [INFO] Problematic normalization
2023-03-15 19:47:27,899 [INFO] Problematic normalization
2023-03-15 19:47:27,900 [INFO] Problematic normalization
2023-03-15 19:47:27,900 [INFO] Problematic normalization
2023-03-15 19:47:27,900 [INFO] Problematic normalization
2023-03-15 19:47:27,900 [INFO] Problematic normalization
2023-03-15 19:47:27,900 [INFO] Problematic normalization
2023-03-15 19:47:27,900 [INFO] Problematic normalization
2023-03-15 19:47:27,900 [INFO] Problematic normalization
2023-03-15 19:47:27,900 [INFO] Problematic normalization
2023-03-15 19:47:27,900 [INFO] Problematic normalization
2023-03-15 19:47:27,900 [INFO] Problematic normalization
2023-03-15 19:47:27,900 [INFO] Problematic normalization
2023-03-15 19:47:27,900 [INFO] Problematic normalization
2023-03-15 19:47:27,900 [INFO] Problematic normalization
2023-03-15 19:47:27,900 [INFO] Problematic normalization
2023-03-15 19:47:27,900 [INFO] Problematic normalization
2023-03-15 19:47:27,900 [INFO] Problematic normalization
2023-03-15 19:47:27,900 [INFO] Problematic normalization
2023-03-15 19:47:27,900 [INFO] Problematic normalization
2023-03-15 19:47:27,900 [INFO] Problematic normalization
2023-03-15 19:47:27,900 [INFO] Problematic normalization
2023-03-15 19:47:27,900 [INFO] Problematic normalization
2023-03-15 19:47:27,900 [INFO] Problematic normalization
2023-03-15 19:47:27,901 [INFO] Problematic normalization
2023-03-15 19:47:27,901 [INFO] Problematic normalization
2023-03-15 19:47:27,901 [INFO] Problematic normalization
2023-03-15 19:47:27,901 [INFO] Problematic normalization
2023-03-15 19:47:27,901 [INFO] Problematic normalization
2023-03-15 19:47:27,901 [INFO] Problematic normalization
2023-03-15 19:47:27,901 [INFO] Problematic normalization
2023-03-15 19:47:27,901 [INFO] Problematic normalization
2023-03-15 19:47:27,901 [INFO] Problematic normalization
2023-03-15 19:47:27,901 [INFO] Problematic normalization
2023-03-15 19:47:27,901 [INFO] Problematic normalization
2023-03-15 19:47:27,901 [INFO] Problematic normalization
2023-03-15 19:47:27,901 [INFO] Problematic normalization
2023-03-15 19:47:27,901 [INFO] Problematic normalization
2023-03-15 19:47:29,644 [INFO] Problematic normalization
2023-03-15 19:47:43,727 [INFO] Problematic normalization
2023-03-15 19:47:43,728 [INFO] Problematic normalization
2023-03-15 19:47:43,728 [INFO] Problematic normalization
2023-03-15 19:47:43,728 [INFO] Problematic normalization
2023-03-15 19:47:43,728 [INFO] Problematic normalization
2023-03-15 19:47:43,728 [INFO] Problematic normalization
2023-03-15 19:47:43,728 [INFO] Problematic normalization
2023-03-15 19:47:43,728 [INFO] Problematic normalization
2023-03-15 19:47:43,728 [INFO] Problematic normalization
2023-03-15 19:47:43,728 [INFO] Problematic normalization
2023-03-15 19:47:43,728 [INFO] Problematic normalization
2023-03-15 19:47:43,729 [INFO] Problematic normalization
2023-03-15 19:47:43,729 [INFO] Problematic normalization
2023-03-15 19:47:43,729 [INFO] Problematic normalization
2023-03-15 19:47:43,729 [INFO] Problematic normalization
2023-03-15 19:47:43,729 [INFO] Problematic normalization
2023-03-15 19:47:43,729 [INFO] Problematic normalization
2023-03-15 19:47:43,729 [INFO] Problematic normalization
2023-03-15 19:47:43,729 [INFO] Problematic normalization
2023-03-15 19:47:43,729 [INFO] Problematic normalization
2023-03-15 19:47:43,729 [INFO] Problematic normalization
2023-03-15 19:47:43,729 [INFO] Problematic normalization
2023-03-15 19:47:43,729 [INFO] Problematic normalization
2023-03-15 19:47:43,729 [INFO] Problematic normalization
2023-03-15 19:47:43,729 [INFO] Problematic normalization
2023-03-15 19:47:43,729 [INFO] Problematic normalization
2023-03-15 19:47:43,729 [INFO] Problematic normalization
2023-03-15 19:47:43,729 [INFO] Problematic normalization
2023-03-15 19:47:43,729 [INFO] Problematic normalization
2023-03-15 19:47:43,729 [INFO] Problematic normalization
2023-03-15 19:47:43,729 [INFO] Problematic normalization
2023-03-15 19:47:43,729 [INFO] Problematic normalization
2023-03-15 19:47:43,729 [INFO] Problematic normalization
2023-03-15 19:47:43,729 [INFO] Problematic normalization
2023-03-15 19:47:43,729 [INFO] Problematic normalization
2023-03-15 19:47:43,730 [INFO] Problematic normalization
2023-03-15 19:47:43,730 [INFO] Problematic normalization
2023-03-15 19:47:43,730 [INFO] Problematic normalization
2023-03-15 19:47:43,730 [INFO] Problematic normalization
2023-03-15 19:47:43,730 [INFO] Problematic normalization
2023-03-15 19:47:43,730 [INFO] Problematic normalization
2023-03-15 19:47:43,730 [INFO] Problematic normalization
2023-03-15 19:47:43,730 [INFO] Problematic normalization
2023-03-15 19:47:43,730 [INFO] Problematic normalization
2023-03-15 19:47:43,730 [INFO] Problematic normalization
2023-03-15 19:47:43,730 [INFO] Problematic normalization
2023-03-15 19:47:43,730 [INFO] Problematic normalization
2023-03-15 19:47:43,730 [INFO] Problematic normalization
2023-03-15 19:47:43,730 [INFO] Problematic normalization
2023-03-15 19:47:43,730 [INFO] Problematic normalization
2023-03-15 19:47:43,730 [INFO] Problematic normalization
2023-03-15 19:47:43,730 [INFO] Problematic normalization
2023-03-15 19:47:56,408 [INFO] Problematic normalization
2023-03-15 19:48:00,177 [INFO] Problematic normalization
2023-03-15 19:48:00,177 [INFO] Problematic normalization
2023-03-15 19:48:22,920 [INFO] Problematic normalization
2023-03-15 19:48:26,094 [INFO] Problematic normalization
2023-03-15 19:48:27,464 [INFO] Problematic normalization
2023-03-15 19:48:27,465 [INFO] Problematic normalization
2023-03-15 19:48:31,801 [INFO] Problematic normalization
2023-03-15 19:48:41,369 [INFO] Problematic normalization
2023-03-15 19:48:59,849 [INFO] Problematic normalization
2023-03-15 19:48:59,854 [INFO] Problematic normalization
2023-03-15 19:49:03,823 [INFO] Problematic normalization
2023-03-15 19:49:03,823 [INFO] Problematic normalization
2023-03-15 19:49:03,823 [INFO] Problematic normalization
2023-03-15 19:49:03,824 [INFO] Problematic normalization
2023-03-15 19:49:03,824 [INFO] Problematic normalization
2023-03-15 19:49:03,824 [INFO] Problematic normalization
2023-03-15 19:49:03,824 [INFO] Problematic normalization
2023-03-15 19:49:03,824 [INFO] Problematic normalization
2023-03-15 19:49:03,824 [INFO] Problematic normalization
2023-03-15 19:49:03,824 [INFO] Problematic normalization
2023-03-15 19:49:03,824 [INFO] Problematic normalization
2023-03-15 19:49:03,824 [INFO] Problematic normalization
2023-03-15 19:49:03,824 [INFO] Problematic normalization
2023-03-15 19:49:03,824 [INFO] Problematic normalization
2023-03-15 19:49:03,824 [INFO] Problematic normalization
2023-03-15 19:49:03,824 [INFO] Problematic normalization
2023-03-15 19:49:03,824 [INFO] Problematic normalization
2023-03-15 19:49:03,824 [INFO] Problematic normalization
2023-03-15 19:49:03,824 [INFO] Problematic normalization
2023-03-15 19:49:03,824 [INFO] Problematic normalization
2023-03-15 19:49:03,824 [INFO] Problematic normalization
2023-03-15 19:49:03,824 [INFO] Problematic normalization
2023-03-15 19:49:03,825 [INFO] Problematic normalization
2023-03-15 19:49:03,825 [INFO] Problematic normalization
2023-03-15 19:49:03,825 [INFO] Problematic normalization
2023-03-15 19:49:03,825 [INFO] Problematic normalization
2023-03-15 19:49:03,825 [INFO] Problematic normalization
2023-03-15 19:49:03,825 [INFO] Problematic normalization
2023-03-15 19:49:03,825 [INFO] Problematic normalization
2023-03-15 19:49:03,825 [INFO] Problematic normalization
2023-03-15 19:49:03,825 [INFO] Problematic normalization
2023-03-15 19:49:03,825 [INFO] Problematic normalization
2023-03-15 19:49:03,825 [INFO] Problematic normalization
2023-03-15 19:49:03,825 [INFO] Problematic normalization
2023-03-15 19:49:03,825 [INFO] Problematic normalization
2023-03-15 19:49:03,825 [INFO] Problematic normalization
2023-03-15 19:49:03,825 [INFO] Problematic normalization
2023-03-15 19:49:03,825 [INFO] Problematic normalization
2023-03-15 19:49:03,825 [INFO] Problematic normalization
2023-03-15 19:49:03,825 [INFO] Problematic normalization
2023-03-15 19:49:03,825 [INFO] Problematic normalization
2023-03-15 19:49:03,825 [INFO] Problematic normalization
2023-03-15 19:49:03,826 [INFO] Problematic normalization
2023-03-15 19:49:03,826 [INFO] Problematic normalization
2023-03-15 19:49:03,826 [INFO] Problematic normalization
2023-03-15 19:49:03,826 [INFO] Problematic normalization
2023-03-15 19:49:03,826 [INFO] Problematic normalization
2023-03-15 19:49:03,826 [INFO] Problematic normalization
2023-03-15 19:49:03,826 [INFO] Problematic normalization
2023-03-15 19:49:03,826 [INFO] Problematic normalization
2023-03-15 19:49:08,577 [INFO] Problematic normalization
2023-03-15 19:49:08,578 [INFO] Problematic normalization
2023-03-15 19:49:35,021 [INFO] [2] TRAIN  loss: 4.381466171116505 acc: 0.031206657420249653
2023-03-15 19:49:35,023 [INFO] [2] VALIDATION  acc: 0.03560830860534125
2023-03-15 19:49:35,023 [INFO] 
2023-03-15 19:49:36,359 [INFO] Problematic normalization
2023-03-15 19:49:46,319 [INFO] Problematic normalization
2023-03-15 19:49:52,935 [INFO] Problematic normalization
2023-03-15 19:49:52,936 [INFO] Problematic normalization
2023-03-15 19:49:52,936 [INFO] Problematic normalization
2023-03-15 19:49:52,936 [INFO] Problematic normalization
2023-03-15 19:49:52,936 [INFO] Problematic normalization
2023-03-15 19:49:52,936 [INFO] Problematic normalization
2023-03-15 19:49:52,936 [INFO] Problematic normalization
2023-03-15 19:49:52,936 [INFO] Problematic normalization
2023-03-15 19:49:52,936 [INFO] Problematic normalization
2023-03-15 19:49:52,936 [INFO] Problematic normalization
2023-03-15 19:49:52,936 [INFO] Problematic normalization
2023-03-15 19:49:52,936 [INFO] Problematic normalization
2023-03-15 19:49:52,936 [INFO] Problematic normalization
2023-03-15 19:49:52,936 [INFO] Problematic normalization
2023-03-15 19:49:52,936 [INFO] Problematic normalization
2023-03-15 19:49:52,937 [INFO] Problematic normalization
2023-03-15 19:49:52,937 [INFO] Problematic normalization
2023-03-15 19:49:52,937 [INFO] Problematic normalization
2023-03-15 19:49:52,937 [INFO] Problematic normalization
2023-03-15 19:49:52,937 [INFO] Problematic normalization
2023-03-15 19:49:52,937 [INFO] Problematic normalization
2023-03-15 19:49:52,937 [INFO] Problematic normalization
2023-03-15 19:49:52,937 [INFO] Problematic normalization
2023-03-15 19:49:52,937 [INFO] Problematic normalization
2023-03-15 19:49:52,937 [INFO] Problematic normalization
2023-03-15 19:49:52,937 [INFO] Problematic normalization
2023-03-15 19:49:52,937 [INFO] Problematic normalization
2023-03-15 19:49:52,937 [INFO] Problematic normalization
2023-03-15 19:49:52,937 [INFO] Problematic normalization
2023-03-15 19:49:52,937 [INFO] Problematic normalization
2023-03-15 19:49:52,937 [INFO] Problematic normalization
2023-03-15 19:49:52,937 [INFO] Problematic normalization
2023-03-15 19:50:23,806 [INFO] Problematic normalization
2023-03-15 19:50:23,806 [INFO] Problematic normalization
2023-03-15 19:50:23,806 [INFO] Problematic normalization
2023-03-15 19:50:23,806 [INFO] Problematic normalization
2023-03-15 19:50:23,806 [INFO] Problematic normalization
2023-03-15 19:50:23,806 [INFO] Problematic normalization
2023-03-15 19:50:23,806 [INFO] Problematic normalization
2023-03-15 19:50:23,806 [INFO] Problematic normalization
2023-03-15 19:50:23,806 [INFO] Problematic normalization
2023-03-15 19:50:23,806 [INFO] Problematic normalization
2023-03-15 19:50:23,806 [INFO] Problematic normalization
2023-03-15 19:50:23,806 [INFO] Problematic normalization
2023-03-15 19:50:23,806 [INFO] Problematic normalization
2023-03-15 19:50:23,807 [INFO] Problematic normalization
2023-03-15 19:50:23,807 [INFO] Problematic normalization
2023-03-15 19:50:23,807 [INFO] Problematic normalization
2023-03-15 19:50:23,807 [INFO] Problematic normalization
2023-03-15 19:50:23,807 [INFO] Problematic normalization
2023-03-15 19:50:23,807 [INFO] Problematic normalization
2023-03-15 19:50:23,807 [INFO] Problematic normalization
2023-03-15 19:50:23,807 [INFO] Problematic normalization
2023-03-15 19:50:23,807 [INFO] Problematic normalization
2023-03-15 19:50:23,807 [INFO] Problematic normalization
2023-03-15 19:50:23,807 [INFO] Problematic normalization
2023-03-15 19:50:23,807 [INFO] Problematic normalization
2023-03-15 19:50:23,807 [INFO] Problematic normalization
2023-03-15 19:50:23,807 [INFO] Problematic normalization
2023-03-15 19:50:23,807 [INFO] Problematic normalization
2023-03-15 19:50:23,807 [INFO] Problematic normalization
2023-03-15 19:50:23,807 [INFO] Problematic normalization
2023-03-15 19:50:23,807 [INFO] Problematic normalization
2023-03-15 19:50:23,807 [INFO] Problematic normalization
2023-03-15 19:50:23,808 [INFO] Problematic normalization
2023-03-15 19:50:23,808 [INFO] Problematic normalization
2023-03-15 19:50:23,808 [INFO] Problematic normalization
2023-03-15 19:50:23,808 [INFO] Problematic normalization
2023-03-15 19:50:23,808 [INFO] Problematic normalization
2023-03-15 19:50:23,808 [INFO] Problematic normalization
2023-03-15 19:50:23,808 [INFO] Problematic normalization
2023-03-15 19:50:23,808 [INFO] Problematic normalization
2023-03-15 19:50:23,808 [INFO] Problematic normalization
2023-03-15 19:50:23,808 [INFO] Problematic normalization
2023-03-15 19:50:23,808 [INFO] Problematic normalization
2023-03-15 19:50:23,808 [INFO] Problematic normalization
2023-03-15 19:50:23,808 [INFO] Problematic normalization
2023-03-15 19:50:23,808 [INFO] Problematic normalization
2023-03-15 19:50:23,809 [INFO] Problematic normalization
2023-03-15 19:50:23,809 [INFO] Problematic normalization
2023-03-15 19:50:23,809 [INFO] Problematic normalization
2023-03-15 19:50:44,106 [INFO] Problematic normalization
2023-03-15 19:50:50,727 [INFO] Problematic normalization
2023-03-15 19:50:50,727 [INFO] Problematic normalization
2023-03-15 19:50:50,727 [INFO] Problematic normalization
2023-03-15 19:50:50,727 [INFO] Problematic normalization
2023-03-15 19:50:50,727 [INFO] Problematic normalization
2023-03-15 19:50:50,727 [INFO] Problematic normalization
2023-03-15 19:50:50,727 [INFO] Problematic normalization
2023-03-15 19:50:50,727 [INFO] Problematic normalization
2023-03-15 19:50:50,728 [INFO] Problematic normalization
2023-03-15 19:50:50,728 [INFO] Problematic normalization
2023-03-15 19:50:50,728 [INFO] Problematic normalization
2023-03-15 19:50:50,728 [INFO] Problematic normalization
2023-03-15 19:50:50,728 [INFO] Problematic normalization
2023-03-15 19:50:50,728 [INFO] Problematic normalization
2023-03-15 19:50:50,728 [INFO] Problematic normalization
2023-03-15 19:50:50,728 [INFO] Problematic normalization
2023-03-15 19:50:50,728 [INFO] Problematic normalization
2023-03-15 19:50:50,728 [INFO] Problematic normalization
2023-03-15 19:50:50,728 [INFO] Problematic normalization
2023-03-15 19:50:50,728 [INFO] Problematic normalization
2023-03-15 19:50:50,728 [INFO] Problematic normalization
2023-03-15 19:50:50,728 [INFO] Problematic normalization
2023-03-15 19:50:50,728 [INFO] Problematic normalization
2023-03-15 19:50:50,728 [INFO] Problematic normalization
2023-03-15 19:51:10,853 [INFO] Problematic normalization
2023-03-15 19:51:10,855 [INFO] Problematic normalization
2023-03-15 19:51:10,855 [INFO] Problematic normalization
2023-03-15 19:51:10,855 [INFO] Problematic normalization
2023-03-15 19:51:10,855 [INFO] Problematic normalization
2023-03-15 19:51:10,855 [INFO] Problematic normalization
2023-03-15 19:51:10,855 [INFO] Problematic normalization
2023-03-15 19:51:10,855 [INFO] Problematic normalization
2023-03-15 19:51:10,855 [INFO] Problematic normalization
2023-03-15 19:51:10,856 [INFO] Problematic normalization
2023-03-15 19:51:10,856 [INFO] Problematic normalization
2023-03-15 19:51:10,856 [INFO] Problematic normalization
2023-03-15 19:51:10,857 [INFO] Problematic normalization
2023-03-15 19:51:10,857 [INFO] Problematic normalization
2023-03-15 19:51:10,857 [INFO] Problematic normalization
2023-03-15 19:51:10,857 [INFO] Problematic normalization
2023-03-15 19:51:10,857 [INFO] Problematic normalization
2023-03-15 19:51:10,857 [INFO] Problematic normalization
2023-03-15 19:51:10,857 [INFO] Problematic normalization
2023-03-15 19:51:10,857 [INFO] Problematic normalization
2023-03-15 19:51:10,858 [INFO] Problematic normalization
2023-03-15 19:51:10,858 [INFO] Problematic normalization
2023-03-15 19:51:12,406 [INFO] Problematic normalization
2023-03-15 19:51:21,971 [INFO] Problematic normalization
2023-03-15 19:51:21,972 [INFO] Problematic normalization
2023-03-15 19:51:21,972 [INFO] Problematic normalization
2023-03-15 19:51:21,972 [INFO] Problematic normalization
2023-03-15 19:51:21,972 [INFO] Problematic normalization
2023-03-15 19:51:21,972 [INFO] Problematic normalization
2023-03-15 19:51:21,972 [INFO] Problematic normalization
2023-03-15 19:51:21,972 [INFO] Problematic normalization
2023-03-15 19:51:21,972 [INFO] Problematic normalization
2023-03-15 19:51:21,972 [INFO] Problematic normalization
2023-03-15 19:51:21,972 [INFO] Problematic normalization
2023-03-15 19:51:21,972 [INFO] Problematic normalization
2023-03-15 19:51:21,973 [INFO] Problematic normalization
2023-03-15 19:51:21,973 [INFO] Problematic normalization
2023-03-15 19:51:21,973 [INFO] Problematic normalization
2023-03-15 19:51:21,973 [INFO] Problematic normalization
2023-03-15 19:51:21,973 [INFO] Problematic normalization
2023-03-15 19:51:21,973 [INFO] Problematic normalization
2023-03-15 19:51:21,973 [INFO] Problematic normalization
2023-03-15 19:51:21,973 [INFO] Problematic normalization
2023-03-15 19:51:21,973 [INFO] Problematic normalization
2023-03-15 19:51:21,973 [INFO] Problematic normalization
2023-03-15 19:51:21,973 [INFO] Problematic normalization
2023-03-15 19:51:21,973 [INFO] Problematic normalization
2023-03-15 19:51:21,973 [INFO] Problematic normalization
2023-03-15 19:51:31,533 [INFO] Problematic normalization
2023-03-15 19:51:34,240 [INFO] Problematic normalization
2023-03-15 19:52:02,002 [INFO] [3] TRAIN  loss: 4.120586506371359 acc: 0.060332871012482664
2023-03-15 19:52:02,005 [INFO] [3] VALIDATION  acc: 0.06824925816023739
2023-03-15 19:52:02,005 [INFO] 
2023-03-15 19:52:28,569 [INFO] Problematic normalization
2023-03-15 19:52:57,720 [INFO] Problematic normalization
2023-03-15 19:52:57,721 [INFO] Problematic normalization
2023-03-15 19:52:57,722 [INFO] Problematic normalization
2023-03-15 19:52:57,722 [INFO] Problematic normalization
2023-03-15 19:52:57,722 [INFO] Problematic normalization
2023-03-15 19:52:57,722 [INFO] Problematic normalization
2023-03-15 19:52:57,722 [INFO] Problematic normalization
2023-03-15 19:52:57,722 [INFO] Problematic normalization
2023-03-15 19:52:57,722 [INFO] Problematic normalization
2023-03-15 19:52:57,722 [INFO] Problematic normalization
2023-03-15 19:52:57,722 [INFO] Problematic normalization
2023-03-15 19:52:57,722 [INFO] Problematic normalization
2023-03-15 19:52:57,722 [INFO] Problematic normalization
2023-03-15 19:52:57,722 [INFO] Problematic normalization
2023-03-15 19:52:57,722 [INFO] Problematic normalization
2023-03-15 19:52:57,722 [INFO] Problematic normalization
2023-03-15 19:52:57,722 [INFO] Problematic normalization
2023-03-15 19:52:57,722 [INFO] Problematic normalization
2023-03-15 19:52:57,722 [INFO] Problematic normalization
2023-03-15 19:52:57,722 [INFO] Problematic normalization
2023-03-15 19:52:57,722 [INFO] Problematic normalization
2023-03-15 19:52:57,723 [INFO] Problematic normalization
2023-03-15 19:52:57,723 [INFO] Problematic normalization
2023-03-15 19:52:57,723 [INFO] Problematic normalization
2023-03-15 19:52:57,723 [INFO] Problematic normalization
2023-03-15 19:52:57,723 [INFO] Problematic normalization
2023-03-15 19:52:57,723 [INFO] Problematic normalization
2023-03-15 19:52:57,723 [INFO] Problematic normalization
2023-03-15 19:52:57,723 [INFO] Problematic normalization
2023-03-15 19:52:57,723 [INFO] Problematic normalization
2023-03-15 19:52:57,723 [INFO] Problematic normalization
2023-03-15 19:52:57,723 [INFO] Problematic normalization
2023-03-15 19:52:57,723 [INFO] Problematic normalization
2023-03-15 19:52:57,723 [INFO] Problematic normalization
2023-03-15 19:52:57,723 [INFO] Problematic normalization
2023-03-15 19:52:57,723 [INFO] Problematic normalization
2023-03-15 19:52:57,723 [INFO] Problematic normalization
2023-03-15 19:52:57,723 [INFO] Problematic normalization
2023-03-15 19:52:57,723 [INFO] Problematic normalization
2023-03-15 19:52:57,723 [INFO] Problematic normalization
2023-03-15 19:52:57,723 [INFO] Problematic normalization
2023-03-15 19:52:57,724 [INFO] Problematic normalization
2023-03-15 19:52:57,724 [INFO] Problematic normalization
2023-03-15 19:52:57,724 [INFO] Problematic normalization
2023-03-15 19:52:57,724 [INFO] Problematic normalization
2023-03-15 19:52:57,724 [INFO] Problematic normalization
2023-03-15 19:52:57,724 [INFO] Problematic normalization
2023-03-15 19:52:57,724 [INFO] Problematic normalization
2023-03-15 19:52:57,724 [INFO] Problematic normalization
2023-03-15 19:52:57,724 [INFO] Problematic normalization
2023-03-15 19:52:57,724 [INFO] Problematic normalization
2023-03-15 19:52:57,724 [INFO] Problematic normalization
2023-03-15 19:52:57,870 [INFO] Problematic normalization
2023-03-15 19:53:01,038 [INFO] Problematic normalization
2023-03-15 19:53:03,871 [INFO] Problematic normalization
2023-03-15 19:53:04,519 [INFO] Problematic normalization
2023-03-15 19:53:04,523 [INFO] Problematic normalization
2023-03-15 19:53:27,684 [INFO] Problematic normalization
2023-03-15 19:53:36,938 [INFO] Problematic normalization
2023-03-15 19:53:36,938 [INFO] Problematic normalization
2023-03-15 19:53:36,939 [INFO] Problematic normalization
2023-03-15 19:53:36,939 [INFO] Problematic normalization
2023-03-15 19:53:36,939 [INFO] Problematic normalization
2023-03-15 19:53:36,939 [INFO] Problematic normalization
2023-03-15 19:53:36,939 [INFO] Problematic normalization
2023-03-15 19:53:36,939 [INFO] Problematic normalization
2023-03-15 19:53:36,939 [INFO] Problematic normalization
2023-03-15 19:53:36,939 [INFO] Problematic normalization
2023-03-15 19:53:36,939 [INFO] Problematic normalization
2023-03-15 19:53:36,939 [INFO] Problematic normalization
2023-03-15 19:53:36,939 [INFO] Problematic normalization
2023-03-15 19:53:36,939 [INFO] Problematic normalization
2023-03-15 19:53:36,939 [INFO] Problematic normalization
2023-03-15 19:53:36,939 [INFO] Problematic normalization
2023-03-15 19:53:36,939 [INFO] Problematic normalization
2023-03-15 19:53:36,940 [INFO] Problematic normalization
2023-03-15 19:53:36,940 [INFO] Problematic normalization
2023-03-15 19:53:36,940 [INFO] Problematic normalization
2023-03-15 19:53:36,940 [INFO] Problematic normalization
2023-03-15 19:53:36,940 [INFO] Problematic normalization
2023-03-15 19:53:36,940 [INFO] Problematic normalization
2023-03-15 19:53:36,940 [INFO] Problematic normalization
2023-03-15 19:53:36,940 [INFO] Problematic normalization
2023-03-15 19:53:36,940 [INFO] Problematic normalization
2023-03-15 19:53:36,940 [INFO] Problematic normalization
2023-03-15 19:53:36,940 [INFO] Problematic normalization
2023-03-15 19:53:36,940 [INFO] Problematic normalization
2023-03-15 19:53:36,940 [INFO] Problematic normalization
2023-03-15 19:53:36,940 [INFO] Problematic normalization
2023-03-15 19:53:36,940 [INFO] Problematic normalization
2023-03-15 19:53:36,940 [INFO] Problematic normalization
2023-03-15 19:53:36,940 [INFO] Problematic normalization
2023-03-15 19:53:36,941 [INFO] Problematic normalization
2023-03-15 19:53:36,941 [INFO] Problematic normalization
2023-03-15 19:53:36,941 [INFO] Problematic normalization
2023-03-15 19:53:36,941 [INFO] Problematic normalization
2023-03-15 19:53:42,014 [INFO] Problematic normalization
2023-03-15 19:53:50,042 [INFO] Problematic normalization
2023-03-15 19:53:50,042 [INFO] Problematic normalization
2023-03-15 19:53:50,042 [INFO] Problematic normalization
2023-03-15 19:53:50,042 [INFO] Problematic normalization
2023-03-15 19:53:50,043 [INFO] Problematic normalization
2023-03-15 19:53:50,043 [INFO] Problematic normalization
2023-03-15 19:53:50,043 [INFO] Problematic normalization
2023-03-15 19:53:50,043 [INFO] Problematic normalization
2023-03-15 19:53:50,043 [INFO] Problematic normalization
2023-03-15 19:53:50,043 [INFO] Problematic normalization
2023-03-15 19:53:50,043 [INFO] Problematic normalization
2023-03-15 19:53:50,043 [INFO] Problematic normalization
2023-03-15 19:53:50,043 [INFO] Problematic normalization
2023-03-15 19:53:50,043 [INFO] Problematic normalization
2023-03-15 19:54:31,398 [INFO] [4] TRAIN  loss: 3.8933880894590844 acc: 0.0825242718446602
2023-03-15 19:54:31,398 [INFO] [4] VALIDATION  acc: 0.0830860534124629
2023-03-15 19:54:31,398 [INFO] 
2023-03-15 19:54:42,202 [INFO] Problematic normalization
2023-03-15 19:54:44,169 [INFO] Problematic normalization
2023-03-15 19:54:46,350 [INFO] Problematic normalization
2023-03-15 19:54:48,683 [INFO] Problematic normalization
2023-03-15 19:54:52,643 [INFO] Problematic normalization
2023-03-15 19:54:52,646 [INFO] Problematic normalization
2023-03-15 19:54:55,625 [INFO] Problematic normalization
2023-03-15 19:54:57,802 [INFO] Problematic normalization
2023-03-15 19:54:57,803 [INFO] Problematic normalization
2023-03-15 19:54:57,803 [INFO] Problematic normalization
2023-03-15 19:54:57,803 [INFO] Problematic normalization
2023-03-15 19:54:57,803 [INFO] Problematic normalization
2023-03-15 19:54:57,803 [INFO] Problematic normalization
2023-03-15 19:54:57,803 [INFO] Problematic normalization
2023-03-15 19:54:57,803 [INFO] Problematic normalization
2023-03-15 19:54:57,803 [INFO] Problematic normalization
2023-03-15 19:54:57,803 [INFO] Problematic normalization
2023-03-15 19:54:57,803 [INFO] Problematic normalization
2023-03-15 19:54:57,803 [INFO] Problematic normalization
2023-03-15 19:54:57,803 [INFO] Problematic normalization
2023-03-15 19:54:57,803 [INFO] Problematic normalization
2023-03-15 19:54:57,803 [INFO] Problematic normalization
2023-03-15 19:54:57,803 [INFO] Problematic normalization
2023-03-15 19:54:57,803 [INFO] Problematic normalization
2023-03-15 19:54:57,803 [INFO] Problematic normalization
2023-03-15 19:54:57,804 [INFO] Problematic normalization
2023-03-15 19:54:57,804 [INFO] Problematic normalization
2023-03-15 19:54:57,804 [INFO] Problematic normalization
2023-03-15 19:54:57,804 [INFO] Problematic normalization
2023-03-15 19:54:57,804 [INFO] Problematic normalization
2023-03-15 19:54:57,804 [INFO] Problematic normalization
2023-03-15 19:54:57,804 [INFO] Problematic normalization
2023-03-15 19:55:02,836 [INFO] Problematic normalization
2023-03-15 19:55:02,940 [INFO] Problematic normalization
2023-03-15 19:55:02,940 [INFO] Problematic normalization
2023-03-15 19:55:02,940 [INFO] Problematic normalization
2023-03-15 19:55:02,940 [INFO] Problematic normalization
2023-03-15 19:55:02,940 [INFO] Problematic normalization
2023-03-15 19:55:02,940 [INFO] Problematic normalization
2023-03-15 19:55:02,940 [INFO] Problematic normalization
2023-03-15 19:55:02,940 [INFO] Problematic normalization
2023-03-15 19:55:02,940 [INFO] Problematic normalization
2023-03-15 19:55:02,940 [INFO] Problematic normalization
2023-03-15 19:55:02,941 [INFO] Problematic normalization
2023-03-15 19:55:02,941 [INFO] Problematic normalization
2023-03-15 19:55:02,941 [INFO] Problematic normalization
2023-03-15 19:55:02,941 [INFO] Problematic normalization
2023-03-15 19:55:02,941 [INFO] Problematic normalization
2023-03-15 19:55:02,941 [INFO] Problematic normalization
2023-03-15 19:55:02,941 [INFO] Problematic normalization
2023-03-15 19:55:02,941 [INFO] Problematic normalization
2023-03-15 19:55:02,941 [INFO] Problematic normalization
2023-03-15 19:55:02,941 [INFO] Problematic normalization
2023-03-15 19:55:02,941 [INFO] Problematic normalization
2023-03-15 19:55:02,941 [INFO] Problematic normalization
2023-03-15 19:55:02,941 [INFO] Problematic normalization
2023-03-15 19:55:02,941 [INFO] Problematic normalization
2023-03-15 19:55:02,941 [INFO] Problematic normalization
2023-03-15 19:55:02,941 [INFO] Problematic normalization
2023-03-15 19:55:02,941 [INFO] Problematic normalization
2023-03-15 19:55:02,941 [INFO] Problematic normalization
2023-03-15 19:55:02,941 [INFO] Problematic normalization
2023-03-15 19:55:02,941 [INFO] Problematic normalization
2023-03-15 19:55:02,941 [INFO] Problematic normalization
2023-03-15 19:55:02,941 [INFO] Problematic normalization
2023-03-15 19:55:02,941 [INFO] Problematic normalization
2023-03-15 19:55:02,942 [INFO] Problematic normalization
2023-03-15 19:55:02,942 [INFO] Problematic normalization
2023-03-15 19:55:02,942 [INFO] Problematic normalization
2023-03-15 19:55:02,942 [INFO] Problematic normalization
2023-03-15 19:55:02,942 [INFO] Problematic normalization
2023-03-15 19:55:06,184 [INFO] Problematic normalization
2023-03-15 19:55:06,185 [INFO] Problematic normalization
2023-03-15 19:55:06,185 [INFO] Problematic normalization
2023-03-15 19:55:06,185 [INFO] Problematic normalization
2023-03-15 19:55:06,185 [INFO] Problematic normalization
2023-03-15 19:55:06,185 [INFO] Problematic normalization
2023-03-15 19:55:06,185 [INFO] Problematic normalization
2023-03-15 19:55:06,185 [INFO] Problematic normalization
2023-03-15 19:55:06,185 [INFO] Problematic normalization
2023-03-15 19:55:06,185 [INFO] Problematic normalization
2023-03-15 19:55:06,185 [INFO] Problematic normalization
2023-03-15 19:55:06,185 [INFO] Problematic normalization
2023-03-15 19:55:06,185 [INFO] Problematic normalization
2023-03-15 19:55:06,186 [INFO] Problematic normalization
2023-03-15 19:55:07,029 [INFO] Problematic normalization
2023-03-15 19:55:17,600 [INFO] Problematic normalization
2023-03-15 19:55:21,397 [INFO] Problematic normalization
2023-03-15 19:55:23,292 [INFO] Problematic normalization
2023-03-15 19:55:34,966 [INFO] Problematic normalization
2023-03-15 19:55:39,710 [INFO] Problematic normalization
2023-03-15 19:55:39,710 [INFO] Problematic normalization
2023-03-15 19:55:39,710 [INFO] Problematic normalization
2023-03-15 19:55:39,710 [INFO] Problematic normalization
2023-03-15 19:55:39,710 [INFO] Problematic normalization
2023-03-15 19:55:39,710 [INFO] Problematic normalization
2023-03-15 19:55:39,710 [INFO] Problematic normalization
2023-03-15 19:55:39,710 [INFO] Problematic normalization
2023-03-15 19:55:39,710 [INFO] Problematic normalization
2023-03-15 19:55:39,710 [INFO] Problematic normalization
2023-03-15 19:55:39,710 [INFO] Problematic normalization
2023-03-15 19:55:39,710 [INFO] Problematic normalization
2023-03-15 19:55:39,710 [INFO] Problematic normalization
2023-03-15 19:55:39,711 [INFO] Problematic normalization
2023-03-15 19:55:39,711 [INFO] Problematic normalization
2023-03-15 19:55:39,711 [INFO] Problematic normalization
2023-03-15 19:55:39,711 [INFO] Problematic normalization
2023-03-15 19:55:39,711 [INFO] Problematic normalization
2023-03-15 19:55:39,711 [INFO] Problematic normalization
2023-03-15 19:55:39,711 [INFO] Problematic normalization
2023-03-15 19:55:39,711 [INFO] Problematic normalization
2023-03-15 19:55:39,711 [INFO] Problematic normalization
2023-03-15 19:55:39,711 [INFO] Problematic normalization
2023-03-15 19:55:39,711 [INFO] Problematic normalization
2023-03-15 19:55:39,711 [INFO] Problematic normalization
2023-03-15 19:55:39,711 [INFO] Problematic normalization
2023-03-15 19:55:39,711 [INFO] Problematic normalization
2023-03-15 19:55:39,711 [INFO] Problematic normalization
2023-03-15 19:55:39,711 [INFO] Problematic normalization
2023-03-15 19:55:39,711 [INFO] Problematic normalization
2023-03-15 19:55:39,711 [INFO] Problematic normalization
2023-03-15 19:55:39,711 [INFO] Problematic normalization
2023-03-15 19:55:39,712 [INFO] Problematic normalization
2023-03-15 19:55:39,712 [INFO] Problematic normalization
2023-03-15 19:55:39,712 [INFO] Problematic normalization
2023-03-15 19:55:39,712 [INFO] Problematic normalization
2023-03-15 19:55:39,712 [INFO] Problematic normalization
2023-03-15 19:55:39,712 [INFO] Problematic normalization
2023-03-15 19:55:39,712 [INFO] Problematic normalization
2023-03-15 19:55:39,712 [INFO] Problematic normalization
2023-03-15 19:55:39,712 [INFO] Problematic normalization
2023-03-15 19:55:39,712 [INFO] Problematic normalization
2023-03-15 19:55:39,712 [INFO] Problematic normalization
2023-03-15 19:55:39,712 [INFO] Problematic normalization
2023-03-15 19:55:39,712 [INFO] Problematic normalization
2023-03-15 19:55:39,712 [INFO] Problematic normalization
2023-03-15 19:55:39,712 [INFO] Problematic normalization
2023-03-15 19:55:39,712 [INFO] Problematic normalization
2023-03-15 19:55:39,712 [INFO] Problematic normalization
2023-03-15 19:55:39,712 [INFO] Problematic normalization
2023-03-15 19:55:39,712 [INFO] Problematic normalization
2023-03-15 19:55:39,712 [INFO] Problematic normalization
2023-03-15 19:55:39,713 [INFO] Problematic normalization
2023-03-15 19:55:39,713 [INFO] Problematic normalization
2023-03-15 19:55:39,713 [INFO] Problematic normalization
2023-03-15 19:55:39,713 [INFO] Problematic normalization
2023-03-15 19:55:39,713 [INFO] Problematic normalization
2023-03-15 19:55:39,713 [INFO] Problematic normalization
2023-03-15 19:55:39,713 [INFO] Problematic normalization
2023-03-15 19:55:42,119 [INFO] Problematic normalization
2023-03-15 19:55:42,120 [INFO] Problematic normalization
2023-03-15 19:55:42,120 [INFO] Problematic normalization
2023-03-15 19:55:42,121 [INFO] Problematic normalization
2023-03-15 19:55:42,121 [INFO] Problematic normalization
2023-03-15 19:55:42,121 [INFO] Problematic normalization
2023-03-15 19:55:42,121 [INFO] Problematic normalization
2023-03-15 19:55:42,121 [INFO] Problematic normalization
2023-03-15 19:55:42,121 [INFO] Problematic normalization
2023-03-15 19:55:42,121 [INFO] Problematic normalization
2023-03-15 19:55:42,121 [INFO] Problematic normalization
2023-03-15 19:55:42,121 [INFO] Problematic normalization
2023-03-15 19:55:42,122 [INFO] Problematic normalization
2023-03-15 19:55:42,122 [INFO] Problematic normalization
2023-03-15 19:55:42,122 [INFO] Problematic normalization
2023-03-15 19:55:42,122 [INFO] Problematic normalization
2023-03-15 19:55:42,123 [INFO] Problematic normalization
2023-03-15 19:55:42,123 [INFO] Problematic normalization
2023-03-15 19:55:42,123 [INFO] Problematic normalization
2023-03-15 19:55:42,123 [INFO] Problematic normalization
2023-03-15 19:55:42,123 [INFO] Problematic normalization
2023-03-15 19:55:42,124 [INFO] Problematic normalization
2023-03-15 19:55:52,106 [INFO] Problematic normalization
2023-03-15 19:56:05,010 [INFO] Problematic normalization
2023-03-15 19:56:17,426 [INFO] Problematic normalization
2023-03-15 19:56:17,431 [INFO] Problematic normalization
2023-03-15 19:56:24,265 [INFO] Problematic normalization
2023-03-15 19:56:31,601 [INFO] Problematic normalization
2023-03-15 19:56:34,863 [INFO] Problematic normalization
2023-03-15 19:56:48,048 [INFO] Problematic normalization
2023-03-15 19:56:48,048 [INFO] Problematic normalization
2023-03-15 19:56:48,048 [INFO] Problematic normalization
2023-03-15 19:56:48,048 [INFO] Problematic normalization
2023-03-15 19:56:48,048 [INFO] Problematic normalization
2023-03-15 19:56:48,048 [INFO] Problematic normalization
2023-03-15 19:56:48,048 [INFO] Problematic normalization
2023-03-15 19:56:48,048 [INFO] Problematic normalization
2023-03-15 19:56:48,048 [INFO] Problematic normalization
2023-03-15 19:56:48,049 [INFO] Problematic normalization
2023-03-15 19:56:48,049 [INFO] Problematic normalization
2023-03-15 19:56:48,049 [INFO] Problematic normalization
2023-03-15 19:56:48,049 [INFO] Problematic normalization
2023-03-15 19:56:48,049 [INFO] Problematic normalization
2023-03-15 19:56:48,049 [INFO] Problematic normalization
2023-03-15 19:56:48,049 [INFO] Problematic normalization
2023-03-15 19:56:48,049 [INFO] Problematic normalization
2023-03-15 19:56:48,049 [INFO] Problematic normalization
2023-03-15 19:56:48,049 [INFO] Problematic normalization
2023-03-15 19:56:48,049 [INFO] Problematic normalization
2023-03-15 19:56:48,049 [INFO] Problematic normalization
2023-03-15 19:56:48,049 [INFO] Problematic normalization
2023-03-15 19:56:48,049 [INFO] Problematic normalization
2023-03-15 19:56:48,049 [INFO] Problematic normalization
2023-03-15 19:56:48,049 [INFO] Problematic normalization
2023-03-15 19:56:48,049 [INFO] Problematic normalization
2023-03-15 19:56:48,477 [INFO] Problematic normalization
2023-03-15 19:56:50,031 [INFO] Problematic normalization
2023-03-15 19:56:54,212 [INFO] Problematic normalization
2023-03-15 19:56:54,212 [INFO] Problematic normalization
2023-03-15 19:56:54,212 [INFO] Problematic normalization
2023-03-15 19:56:54,212 [INFO] Problematic normalization
2023-03-15 19:56:54,212 [INFO] Problematic normalization
2023-03-15 19:56:54,212 [INFO] Problematic normalization
2023-03-15 19:56:54,213 [INFO] Problematic normalization
2023-03-15 19:56:54,213 [INFO] Problematic normalization
2023-03-15 19:56:54,213 [INFO] Problematic normalization
2023-03-15 19:56:54,213 [INFO] Problematic normalization
2023-03-15 19:56:54,213 [INFO] Problematic normalization
2023-03-15 19:56:54,213 [INFO] Problematic normalization
2023-03-15 19:56:54,213 [INFO] Problematic normalization
2023-03-15 19:56:54,213 [INFO] Problematic normalization
2023-03-15 19:56:54,213 [INFO] Problematic normalization
2023-03-15 19:56:54,213 [INFO] Problematic normalization
2023-03-15 19:56:54,213 [INFO] Problematic normalization
2023-03-15 19:56:54,213 [INFO] Problematic normalization
2023-03-15 19:56:54,213 [INFO] Problematic normalization
2023-03-15 19:56:54,213 [INFO] Problematic normalization
2023-03-15 19:56:54,213 [INFO] Problematic normalization
2023-03-15 19:56:54,213 [INFO] Problematic normalization
2023-03-15 19:56:54,213 [INFO] Problematic normalization
2023-03-15 19:56:54,213 [INFO] Problematic normalization
2023-03-15 19:56:54,213 [INFO] Problematic normalization
2023-03-15 19:56:54,213 [INFO] Problematic normalization
2023-03-15 19:56:54,213 [INFO] Problematic normalization
2023-03-15 19:57:11,319 [INFO] [5] TRAIN  loss: 3.687496613860957 acc: 0.10957004160887657
2023-03-15 19:57:11,319 [INFO] [5] VALIDATION  acc: 0.16913946587537093
2023-03-15 19:57:11,319 [INFO] 
2023-03-15 19:57:16,227 [INFO] Problematic normalization
2023-03-15 19:57:18,610 [INFO] Problematic normalization
2023-03-15 19:57:26,970 [INFO] Problematic normalization
2023-03-15 19:57:35,572 [INFO] Problematic normalization
2023-03-15 19:57:44,286 [INFO] Problematic normalization
2023-03-15 19:57:44,287 [INFO] Problematic normalization
2023-03-15 19:57:47,185 [INFO] Problematic normalization
2023-03-15 19:57:51,427 [INFO] Problematic normalization
2023-03-15 19:57:51,428 [INFO] Problematic normalization
2023-03-15 19:57:51,428 [INFO] Problematic normalization
2023-03-15 19:57:51,428 [INFO] Problematic normalization
2023-03-15 19:57:51,428 [INFO] Problematic normalization
2023-03-15 19:57:51,428 [INFO] Problematic normalization
2023-03-15 19:57:51,428 [INFO] Problematic normalization
2023-03-15 19:57:51,428 [INFO] Problematic normalization
2023-03-15 19:57:51,429 [INFO] Problematic normalization
2023-03-15 19:57:51,429 [INFO] Problematic normalization
2023-03-15 19:57:51,429 [INFO] Problematic normalization
2023-03-15 19:57:51,429 [INFO] Problematic normalization
2023-03-15 19:57:51,429 [INFO] Problematic normalization
2023-03-15 19:57:51,434 [INFO] Problematic normalization
2023-03-15 19:57:51,434 [INFO] Problematic normalization
2023-03-15 19:57:51,434 [INFO] Problematic normalization
2023-03-15 19:57:51,434 [INFO] Problematic normalization
2023-03-15 19:57:51,434 [INFO] Problematic normalization
2023-03-15 19:57:51,434 [INFO] Problematic normalization
2023-03-15 19:57:51,434 [INFO] Problematic normalization
2023-03-15 19:57:51,434 [INFO] Problematic normalization
2023-03-15 19:57:51,434 [INFO] Problematic normalization
2023-03-15 19:57:51,434 [INFO] Problematic normalization
2023-03-15 19:57:51,434 [INFO] Problematic normalization
2023-03-15 19:57:51,434 [INFO] Problematic normalization
2023-03-15 19:57:51,435 [INFO] Problematic normalization
2023-03-15 19:57:51,435 [INFO] Problematic normalization
2023-03-15 19:57:51,435 [INFO] Problematic normalization
2023-03-15 19:57:51,435 [INFO] Problematic normalization
2023-03-15 19:57:51,435 [INFO] Problematic normalization
2023-03-15 19:57:51,435 [INFO] Problematic normalization
2023-03-15 19:57:51,435 [INFO] Problematic normalization
2023-03-15 19:57:51,435 [INFO] Problematic normalization
2023-03-15 19:57:51,435 [INFO] Problematic normalization
2023-03-15 19:57:51,435 [INFO] Problematic normalization
2023-03-15 19:57:51,435 [INFO] Problematic normalization
2023-03-15 19:57:51,435 [INFO] Problematic normalization
2023-03-15 19:57:51,435 [INFO] Problematic normalization
2023-03-15 19:57:51,436 [INFO] Problematic normalization
2023-03-15 19:57:51,436 [INFO] Problematic normalization
2023-03-15 19:57:51,436 [INFO] Problematic normalization
2023-03-15 19:57:51,436 [INFO] Problematic normalization
2023-03-15 19:57:51,436 [INFO] Problematic normalization
2023-03-15 19:57:51,436 [INFO] Problematic normalization
2023-03-15 19:57:51,436 [INFO] Problematic normalization
2023-03-15 19:57:51,436 [INFO] Problematic normalization
2023-03-15 19:57:51,436 [INFO] Problematic normalization
2023-03-15 19:57:51,436 [INFO] Problematic normalization
2023-03-15 19:57:51,436 [INFO] Problematic normalization
2023-03-15 19:57:51,436 [INFO] Problematic normalization
2023-03-15 19:57:51,437 [INFO] Problematic normalization
2023-03-15 19:57:51,437 [INFO] Problematic normalization
2023-03-15 19:57:51,437 [INFO] Problematic normalization
2023-03-15 19:57:51,437 [INFO] Problematic normalization
2023-03-15 19:57:51,437 [INFO] Problematic normalization
2023-03-15 19:57:51,437 [INFO] Problematic normalization
2023-03-15 19:57:51,437 [INFO] Problematic normalization
2023-03-15 19:57:51,437 [INFO] Problematic normalization
2023-03-15 19:57:51,437 [INFO] Problematic normalization
2023-03-15 19:57:51,437 [INFO] Problematic normalization
2023-03-15 19:58:02,630 [INFO] Problematic normalization
2023-03-15 19:58:02,630 [INFO] Problematic normalization
2023-03-15 19:58:02,632 [INFO] Problematic normalization
2023-03-15 19:58:02,632 [INFO] Problematic normalization
2023-03-15 19:58:02,633 [INFO] Problematic normalization
2023-03-15 19:58:02,633 [INFO] Problematic normalization
2023-03-15 19:58:02,633 [INFO] Problematic normalization
2023-03-15 19:58:02,633 [INFO] Problematic normalization
2023-03-15 19:58:02,633 [INFO] Problematic normalization
2023-03-15 19:58:02,633 [INFO] Problematic normalization
2023-03-15 19:58:02,633 [INFO] Problematic normalization
2023-03-15 19:58:02,633 [INFO] Problematic normalization
2023-03-15 19:58:02,633 [INFO] Problematic normalization
2023-03-15 19:58:02,633 [INFO] Problematic normalization
2023-03-15 19:58:02,633 [INFO] Problematic normalization
2023-03-15 19:58:02,633 [INFO] Problematic normalization
2023-03-15 19:58:02,633 [INFO] Problematic normalization
2023-03-15 19:58:02,633 [INFO] Problematic normalization
2023-03-15 19:58:02,633 [INFO] Problematic normalization
2023-03-15 19:58:02,634 [INFO] Problematic normalization
2023-03-15 19:58:02,634 [INFO] Problematic normalization
2023-03-15 19:58:02,634 [INFO] Problematic normalization
2023-03-15 19:58:02,634 [INFO] Problematic normalization
2023-03-15 19:58:02,634 [INFO] Problematic normalization
2023-03-15 19:58:02,634 [INFO] Problematic normalization
2023-03-15 19:58:02,634 [INFO] Problematic normalization
2023-03-15 19:58:02,634 [INFO] Problematic normalization
2023-03-15 19:58:02,634 [INFO] Problematic normalization
2023-03-15 19:58:02,634 [INFO] Problematic normalization
2023-03-15 19:58:02,634 [INFO] Problematic normalization
2023-03-15 19:58:02,634 [INFO] Problematic normalization
2023-03-15 19:58:02,634 [INFO] Problematic normalization
2023-03-15 19:58:02,634 [INFO] Problematic normalization
2023-03-15 19:58:02,634 [INFO] Problematic normalization
2023-03-15 19:58:02,634 [INFO] Problematic normalization
2023-03-15 19:58:02,634 [INFO] Problematic normalization
2023-03-15 19:58:02,635 [INFO] Problematic normalization
2023-03-15 19:58:02,635 [INFO] Problematic normalization
2023-03-15 19:58:02,635 [INFO] Problematic normalization
2023-03-15 19:58:02,635 [INFO] Problematic normalization
2023-03-15 19:58:02,635 [INFO] Problematic normalization
2023-03-15 19:58:02,635 [INFO] Problematic normalization
2023-03-15 19:58:02,635 [INFO] Problematic normalization
2023-03-15 19:58:02,635 [INFO] Problematic normalization
2023-03-15 19:58:02,635 [INFO] Problematic normalization
2023-03-15 19:58:02,635 [INFO] Problematic normalization
2023-03-15 19:58:02,635 [INFO] Problematic normalization
2023-03-15 19:58:02,635 [INFO] Problematic normalization
2023-03-15 19:58:02,635 [INFO] Problematic normalization
2023-03-15 19:58:02,635 [INFO] Problematic normalization
2023-03-15 19:58:02,635 [INFO] Problematic normalization
2023-03-15 19:58:02,636 [INFO] Problematic normalization
2023-03-15 19:58:02,636 [INFO] Problematic normalization
2023-03-15 19:58:02,636 [INFO] Problematic normalization
2023-03-15 19:58:02,636 [INFO] Problematic normalization
2023-03-15 19:58:02,636 [INFO] Problematic normalization
2023-03-15 19:58:02,636 [INFO] Problematic normalization
2023-03-15 19:58:06,669 [INFO] Problematic normalization
2023-03-15 19:58:20,641 [INFO] Problematic normalization
2023-03-15 19:58:20,642 [INFO] Problematic normalization
2023-03-15 19:58:20,643 [INFO] Problematic normalization
2023-03-15 19:58:20,643 [INFO] Problematic normalization
2023-03-15 19:58:20,643 [INFO] Problematic normalization
2023-03-15 19:58:20,643 [INFO] Problematic normalization
2023-03-15 19:58:20,643 [INFO] Problematic normalization
2023-03-15 19:58:20,643 [INFO] Problematic normalization
2023-03-15 19:58:20,643 [INFO] Problematic normalization
2023-03-15 19:58:20,643 [INFO] Problematic normalization
2023-03-15 19:58:20,643 [INFO] Problematic normalization
2023-03-15 19:58:20,643 [INFO] Problematic normalization
2023-03-15 19:58:20,643 [INFO] Problematic normalization
2023-03-15 19:58:20,643 [INFO] Problematic normalization
2023-03-15 19:58:20,643 [INFO] Problematic normalization
2023-03-15 19:58:20,643 [INFO] Problematic normalization
2023-03-15 19:58:20,643 [INFO] Problematic normalization
2023-03-15 19:58:20,643 [INFO] Problematic normalization
2023-03-15 19:58:20,643 [INFO] Problematic normalization
2023-03-15 19:58:20,643 [INFO] Problematic normalization
2023-03-15 19:58:20,643 [INFO] Problematic normalization
2023-03-15 19:58:20,643 [INFO] Problematic normalization
2023-03-15 19:58:20,643 [INFO] Problematic normalization
2023-03-15 19:58:20,643 [INFO] Problematic normalization
2023-03-15 19:58:22,466 [INFO] Problematic normalization
2023-03-15 19:58:44,036 [INFO] Problematic normalization
2023-03-15 19:58:44,037 [INFO] Problematic normalization
2023-03-15 19:58:44,037 [INFO] Problematic normalization
2023-03-15 19:58:44,037 [INFO] Problematic normalization
2023-03-15 19:58:44,037 [INFO] Problematic normalization
2023-03-15 19:58:44,037 [INFO] Problematic normalization
2023-03-15 19:58:44,037 [INFO] Problematic normalization
2023-03-15 19:58:44,037 [INFO] Problematic normalization
2023-03-15 19:58:44,037 [INFO] Problematic normalization
2023-03-15 19:58:44,037 [INFO] Problematic normalization
2023-03-15 19:58:44,037 [INFO] Problematic normalization
2023-03-15 19:58:44,037 [INFO] Problematic normalization
2023-03-15 19:58:44,037 [INFO] Problematic normalization
2023-03-15 19:58:44,037 [INFO] Problematic normalization
2023-03-15 19:58:44,037 [INFO] Problematic normalization
2023-03-15 19:58:44,038 [INFO] Problematic normalization
2023-03-15 19:58:44,038 [INFO] Problematic normalization
2023-03-15 19:58:44,038 [INFO] Problematic normalization
2023-03-15 19:58:44,038 [INFO] Problematic normalization
2023-03-15 19:58:44,038 [INFO] Problematic normalization
2023-03-15 19:58:44,038 [INFO] Problematic normalization
2023-03-15 19:58:44,038 [INFO] Problematic normalization
2023-03-15 19:58:44,038 [INFO] Problematic normalization
2023-03-15 19:58:44,038 [INFO] Problematic normalization
2023-03-15 19:58:44,038 [INFO] Problematic normalization
2023-03-15 19:58:44,038 [INFO] Problematic normalization
2023-03-15 19:58:44,038 [INFO] Problematic normalization
2023-03-15 19:58:44,038 [INFO] Problematic normalization
2023-03-15 19:58:44,038 [INFO] Problematic normalization
2023-03-15 19:58:44,038 [INFO] Problematic normalization
2023-03-15 19:58:44,038 [INFO] Problematic normalization
2023-03-15 19:58:44,038 [INFO] Problematic normalization
2023-03-15 19:58:44,038 [INFO] Problematic normalization
2023-03-15 19:58:44,038 [INFO] Problematic normalization
2023-03-15 19:58:44,038 [INFO] Problematic normalization
2023-03-15 19:58:44,038 [INFO] Problematic normalization
2023-03-15 19:58:44,038 [INFO] Problematic normalization
2023-03-15 19:58:44,039 [INFO] Problematic normalization
2023-03-15 19:59:04,155 [INFO] Problematic normalization
2023-03-15 19:59:04,156 [INFO] Problematic normalization
2023-03-15 19:59:04,156 [INFO] Problematic normalization
2023-03-15 19:59:04,156 [INFO] Problematic normalization
2023-03-15 19:59:04,156 [INFO] Problematic normalization
2023-03-15 19:59:04,156 [INFO] Problematic normalization
2023-03-15 19:59:04,156 [INFO] Problematic normalization
2023-03-15 19:59:04,156 [INFO] Problematic normalization
2023-03-15 19:59:04,156 [INFO] Problematic normalization
2023-03-15 19:59:04,156 [INFO] Problematic normalization
2023-03-15 19:59:04,156 [INFO] Problematic normalization
2023-03-15 19:59:04,157 [INFO] Problematic normalization
2023-03-15 19:59:04,157 [INFO] Problematic normalization
2023-03-15 19:59:04,157 [INFO] Problematic normalization
2023-03-15 19:59:04,157 [INFO] Problematic normalization
2023-03-15 19:59:04,157 [INFO] Problematic normalization
2023-03-15 19:59:04,157 [INFO] Problematic normalization
2023-03-15 19:59:04,158 [INFO] Problematic normalization
2023-03-15 19:59:04,159 [INFO] Problematic normalization
2023-03-15 19:59:04,159 [INFO] Problematic normalization
2023-03-15 19:59:04,159 [INFO] Problematic normalization
2023-03-15 19:59:04,159 [INFO] Problematic normalization
2023-03-15 19:59:04,159 [INFO] Problematic normalization
2023-03-15 19:59:04,159 [INFO] Problematic normalization
2023-03-15 19:59:04,159 [INFO] Problematic normalization
2023-03-15 19:59:11,118 [INFO] Problematic normalization
2023-03-15 19:59:47,340 [INFO] [6] TRAIN  loss: 3.4906532403996184 acc: 0.15187239944521497
2023-03-15 19:59:47,340 [INFO] [6] VALIDATION  acc: 0.16023738872403562
2023-03-15 19:59:47,340 [INFO] 
2023-03-15 19:59:51,490 [INFO] Problematic normalization
2023-03-15 19:59:54,008 [INFO] Problematic normalization
2023-03-15 19:59:54,008 [INFO] Problematic normalization
2023-03-15 20:00:00,261 [INFO] Problematic normalization
2023-03-15 20:00:09,428 [INFO] Problematic normalization
2023-03-15 20:00:22,901 [INFO] Problematic normalization
2023-03-15 20:00:23,730 [INFO] Problematic normalization
2023-03-15 20:00:31,318 [INFO] Problematic normalization
2023-03-15 20:00:41,164 [INFO] Problematic normalization
2023-03-15 20:00:42,592 [INFO] Problematic normalization
2023-03-15 20:00:42,592 [INFO] Problematic normalization
2023-03-15 20:00:42,592 [INFO] Problematic normalization
2023-03-15 20:00:42,592 [INFO] Problematic normalization
2023-03-15 20:00:42,592 [INFO] Problematic normalization
2023-03-15 20:00:42,592 [INFO] Problematic normalization
2023-03-15 20:00:42,592 [INFO] Problematic normalization
2023-03-15 20:00:42,592 [INFO] Problematic normalization
2023-03-15 20:00:42,592 [INFO] Problematic normalization
2023-03-15 20:00:42,592 [INFO] Problematic normalization
2023-03-15 20:00:42,592 [INFO] Problematic normalization
2023-03-15 20:00:42,592 [INFO] Problematic normalization
2023-03-15 20:00:42,592 [INFO] Problematic normalization
2023-03-15 20:00:42,592 [INFO] Problematic normalization
2023-03-15 20:00:42,592 [INFO] Problematic normalization
2023-03-15 20:00:42,593 [INFO] Problematic normalization
2023-03-15 20:00:42,593 [INFO] Problematic normalization
2023-03-15 20:00:42,593 [INFO] Problematic normalization
2023-03-15 20:00:42,593 [INFO] Problematic normalization
2023-03-15 20:00:42,593 [INFO] Problematic normalization
2023-03-15 20:00:42,593 [INFO] Problematic normalization
2023-03-15 20:00:42,593 [INFO] Problematic normalization
2023-03-15 20:00:42,593 [INFO] Problematic normalization
2023-03-15 20:00:42,593 [INFO] Problematic normalization
2023-03-15 20:00:42,593 [INFO] Problematic normalization
2023-03-15 20:00:42,593 [INFO] Problematic normalization
2023-03-15 20:00:42,593 [INFO] Problematic normalization
2023-03-15 20:00:42,593 [INFO] Problematic normalization
2023-03-15 20:00:42,593 [INFO] Problematic normalization
2023-03-15 20:00:42,593 [INFO] Problematic normalization
2023-03-15 20:00:42,593 [INFO] Problematic normalization
2023-03-15 20:00:42,593 [INFO] Problematic normalization
2023-03-15 20:00:42,593 [INFO] Problematic normalization
2023-03-15 20:00:42,593 [INFO] Problematic normalization
2023-03-15 20:00:42,593 [INFO] Problematic normalization
2023-03-15 20:00:42,593 [INFO] Problematic normalization
2023-03-15 20:00:42,594 [INFO] Problematic normalization
2023-03-15 20:00:42,594 [INFO] Problematic normalization
2023-03-15 20:00:42,594 [INFO] Problematic normalization
2023-03-15 20:00:42,594 [INFO] Problematic normalization
2023-03-15 20:00:42,594 [INFO] Problematic normalization
2023-03-15 20:00:42,594 [INFO] Problematic normalization
2023-03-15 20:00:42,594 [INFO] Problematic normalization
2023-03-15 20:00:42,594 [INFO] Problematic normalization
2023-03-15 20:00:42,594 [INFO] Problematic normalization
2023-03-15 20:00:42,594 [INFO] Problematic normalization
2023-03-15 20:00:42,594 [INFO] Problematic normalization
2023-03-15 20:00:42,595 [INFO] Problematic normalization
2023-03-15 20:00:42,595 [INFO] Problematic normalization
2023-03-15 20:00:46,903 [INFO] Problematic normalization
2023-03-15 20:00:46,903 [INFO] Problematic normalization
2023-03-15 20:00:46,903 [INFO] Problematic normalization
2023-03-15 20:00:46,903 [INFO] Problematic normalization
2023-03-15 20:00:46,903 [INFO] Problematic normalization
2023-03-15 20:00:46,903 [INFO] Problematic normalization
2023-03-15 20:00:46,903 [INFO] Problematic normalization
2023-03-15 20:00:46,903 [INFO] Problematic normalization
2023-03-15 20:00:46,903 [INFO] Problematic normalization
2023-03-15 20:00:46,903 [INFO] Problematic normalization
2023-03-15 20:00:46,903 [INFO] Problematic normalization
2023-03-15 20:00:46,903 [INFO] Problematic normalization
2023-03-15 20:00:46,903 [INFO] Problematic normalization
2023-03-15 20:00:46,904 [INFO] Problematic normalization
2023-03-15 20:00:46,904 [INFO] Problematic normalization
2023-03-15 20:00:46,904 [INFO] Problematic normalization
2023-03-15 20:00:46,904 [INFO] Problematic normalization
2023-03-15 20:00:46,905 [INFO] Problematic normalization
2023-03-15 20:00:46,905 [INFO] Problematic normalization
2023-03-15 20:00:46,906 [INFO] Problematic normalization
2023-03-15 20:00:46,906 [INFO] Problematic normalization
2023-03-15 20:00:46,906 [INFO] Problematic normalization
2023-03-15 20:00:46,906 [INFO] Problematic normalization
2023-03-15 20:00:46,906 [INFO] Problematic normalization
2023-03-15 20:00:46,906 [INFO] Problematic normalization
2023-03-15 20:01:00,841 [INFO] Problematic normalization
2023-03-15 20:01:08,864 [INFO] Problematic normalization
2023-03-15 20:01:08,864 [INFO] Problematic normalization
2023-03-15 20:01:08,864 [INFO] Problematic normalization
2023-03-15 20:01:08,864 [INFO] Problematic normalization
2023-03-15 20:01:08,864 [INFO] Problematic normalization
2023-03-15 20:01:08,864 [INFO] Problematic normalization
2023-03-15 20:01:08,864 [INFO] Problematic normalization
2023-03-15 20:01:08,864 [INFO] Problematic normalization
2023-03-15 20:01:08,864 [INFO] Problematic normalization
2023-03-15 20:01:08,864 [INFO] Problematic normalization
2023-03-15 20:01:08,864 [INFO] Problematic normalization
2023-03-15 20:01:08,864 [INFO] Problematic normalization
2023-03-15 20:01:08,865 [INFO] Problematic normalization
2023-03-15 20:01:08,865 [INFO] Problematic normalization
2023-03-15 20:01:08,865 [INFO] Problematic normalization
2023-03-15 20:01:08,865 [INFO] Problematic normalization
2023-03-15 20:01:08,865 [INFO] Problematic normalization
2023-03-15 20:01:08,865 [INFO] Problematic normalization
2023-03-15 20:01:08,865 [INFO] Problematic normalization
2023-03-15 20:01:08,865 [INFO] Problematic normalization
2023-03-15 20:01:08,865 [INFO] Problematic normalization
2023-03-15 20:01:08,865 [INFO] Problematic normalization
2023-03-15 20:01:08,865 [INFO] Problematic normalization
2023-03-15 20:01:08,865 [INFO] Problematic normalization
2023-03-15 20:01:08,865 [INFO] Problematic normalization
2023-03-15 20:01:08,865 [INFO] Problematic normalization
2023-03-15 20:01:08,865 [INFO] Problematic normalization
2023-03-15 20:01:08,865 [INFO] Problematic normalization
2023-03-15 20:01:08,865 [INFO] Problematic normalization
2023-03-15 20:01:08,865 [INFO] Problematic normalization
2023-03-15 20:01:08,865 [INFO] Problematic normalization
2023-03-15 20:01:08,865 [INFO] Problematic normalization
2023-03-15 20:01:08,866 [INFO] Problematic normalization
2023-03-15 20:01:08,866 [INFO] Problematic normalization
2023-03-15 20:01:08,866 [INFO] Problematic normalization
2023-03-15 20:01:08,866 [INFO] Problematic normalization
2023-03-15 20:01:08,866 [INFO] Problematic normalization
2023-03-15 20:01:08,866 [INFO] Problematic normalization
2023-03-15 20:01:08,866 [INFO] Problematic normalization
2023-03-15 20:01:08,866 [INFO] Problematic normalization
2023-03-15 20:01:08,866 [INFO] Problematic normalization
2023-03-15 20:01:08,866 [INFO] Problematic normalization
2023-03-15 20:01:08,866 [INFO] Problematic normalization
2023-03-15 20:01:08,866 [INFO] Problematic normalization
2023-03-15 20:01:08,866 [INFO] Problematic normalization
2023-03-15 20:01:08,866 [INFO] Problematic normalization
2023-03-15 20:01:08,866 [INFO] Problematic normalization
2023-03-15 20:01:08,866 [INFO] Problematic normalization
2023-03-15 20:01:08,866 [INFO] Problematic normalization
2023-03-15 20:01:08,866 [INFO] Problematic normalization
2023-03-15 20:01:08,866 [INFO] Problematic normalization
2023-03-15 20:01:08,866 [INFO] Problematic normalization
2023-03-15 20:01:08,866 [INFO] Problematic normalization
2023-03-15 20:01:08,867 [INFO] Problematic normalization
2023-03-15 20:01:08,867 [INFO] Problematic normalization
2023-03-15 20:01:08,867 [INFO] Problematic normalization
2023-03-15 20:01:08,867 [INFO] Problematic normalization
2023-03-15 20:01:08,867 [INFO] Problematic normalization
2023-03-15 20:01:08,867 [INFO] Problematic normalization
2023-03-15 20:01:17,286 [INFO] Problematic normalization
2023-03-15 20:01:19,578 [INFO] Problematic normalization
2023-03-15 20:01:19,578 [INFO] Problematic normalization
2023-03-15 20:01:19,578 [INFO] Problematic normalization
2023-03-15 20:01:19,578 [INFO] Problematic normalization
2023-03-15 20:01:19,578 [INFO] Problematic normalization
2023-03-15 20:01:19,578 [INFO] Problematic normalization
2023-03-15 20:01:19,578 [INFO] Problematic normalization
2023-03-15 20:01:19,579 [INFO] Problematic normalization
2023-03-15 20:01:19,579 [INFO] Problematic normalization
2023-03-15 20:01:19,579 [INFO] Problematic normalization
2023-03-15 20:01:19,579 [INFO] Problematic normalization
2023-03-15 20:01:19,579 [INFO] Problematic normalization
2023-03-15 20:01:19,579 [INFO] Problematic normalization
2023-03-15 20:01:19,579 [INFO] Problematic normalization
2023-03-15 20:01:19,579 [INFO] Problematic normalization
2023-03-15 20:01:19,579 [INFO] Problematic normalization
2023-03-15 20:01:19,579 [INFO] Problematic normalization
2023-03-15 20:01:19,579 [INFO] Problematic normalization
2023-03-15 20:01:19,579 [INFO] Problematic normalization
2023-03-15 20:01:19,579 [INFO] Problematic normalization
2023-03-15 20:01:19,579 [INFO] Problematic normalization
2023-03-15 20:01:19,579 [INFO] Problematic normalization
2023-03-15 20:01:19,579 [INFO] Problematic normalization
2023-03-15 20:01:19,579 [INFO] Problematic normalization
2023-03-15 20:01:19,579 [INFO] Problematic normalization
2023-03-15 20:01:19,580 [INFO] Problematic normalization
2023-03-15 20:01:19,580 [INFO] Problematic normalization
2023-03-15 20:01:19,580 [INFO] Problematic normalization
2023-03-15 20:01:19,580 [INFO] Problematic normalization
2023-03-15 20:01:19,580 [INFO] Problematic normalization
2023-03-15 20:01:19,580 [INFO] Problematic normalization
2023-03-15 20:01:19,580 [INFO] Problematic normalization
2023-03-15 20:01:19,580 [INFO] Problematic normalization
2023-03-15 20:01:19,580 [INFO] Problematic normalization
2023-03-15 20:01:19,580 [INFO] Problematic normalization
2023-03-15 20:01:19,580 [INFO] Problematic normalization
2023-03-15 20:01:19,580 [INFO] Problematic normalization
2023-03-15 20:01:19,580 [INFO] Problematic normalization
2023-03-15 20:01:19,580 [INFO] Problematic normalization
2023-03-15 20:01:19,580 [INFO] Problematic normalization
2023-03-15 20:01:19,580 [INFO] Problematic normalization
2023-03-15 20:01:19,580 [INFO] Problematic normalization
2023-03-15 20:01:19,580 [INFO] Problematic normalization
2023-03-15 20:01:19,580 [INFO] Problematic normalization
2023-03-15 20:01:19,580 [INFO] Problematic normalization
2023-03-15 20:01:19,580 [INFO] Problematic normalization
2023-03-15 20:01:19,581 [INFO] Problematic normalization
2023-03-15 20:01:19,581 [INFO] Problematic normalization
2023-03-15 20:01:19,581 [INFO] Problematic normalization
2023-03-15 20:01:19,581 [INFO] Problematic normalization
2023-03-15 20:01:19,581 [INFO] Problematic normalization
2023-03-15 20:01:19,582 [INFO] Problematic normalization
2023-03-15 20:01:40,332 [INFO] Problematic normalization
2023-03-15 20:01:40,333 [INFO] Problematic normalization
2023-03-15 20:01:40,333 [INFO] Problematic normalization
2023-03-15 20:01:40,333 [INFO] Problematic normalization
2023-03-15 20:01:40,333 [INFO] Problematic normalization
2023-03-15 20:01:40,333 [INFO] Problematic normalization
2023-03-15 20:01:40,333 [INFO] Problematic normalization
2023-03-15 20:01:40,333 [INFO] Problematic normalization
2023-03-15 20:01:40,333 [INFO] Problematic normalization
2023-03-15 20:01:40,333 [INFO] Problematic normalization
2023-03-15 20:01:40,333 [INFO] Problematic normalization
2023-03-15 20:01:40,333 [INFO] Problematic normalization
2023-03-15 20:01:40,334 [INFO] Problematic normalization
2023-03-15 20:01:40,334 [INFO] Problematic normalization
2023-03-15 20:01:40,334 [INFO] Problematic normalization
2023-03-15 20:01:40,334 [INFO] Problematic normalization
2023-03-15 20:01:40,334 [INFO] Problematic normalization
2023-03-15 20:01:40,334 [INFO] Problematic normalization
2023-03-15 20:01:40,334 [INFO] Problematic normalization
2023-03-15 20:01:40,334 [INFO] Problematic normalization
2023-03-15 20:01:40,334 [INFO] Problematic normalization
2023-03-15 20:01:40,334 [INFO] Problematic normalization
2023-03-15 20:01:40,334 [INFO] Problematic normalization
2023-03-15 20:01:40,334 [INFO] Problematic normalization
2023-03-15 20:01:40,334 [INFO] Problematic normalization
2023-03-15 20:01:40,334 [INFO] Problematic normalization
2023-03-15 20:01:40,335 [INFO] Problematic normalization
2023-03-15 20:01:40,335 [INFO] Problematic normalization
2023-03-15 20:01:40,335 [INFO] Problematic normalization
2023-03-15 20:01:40,335 [INFO] Problematic normalization
2023-03-15 20:01:40,335 [INFO] Problematic normalization
2023-03-15 20:01:40,335 [INFO] Problematic normalization
2023-03-15 20:01:44,678 [INFO] Problematic normalization
2023-03-15 20:01:56,493 [INFO] Problematic normalization
2023-03-15 20:01:56,494 [INFO] Problematic normalization
2023-03-15 20:01:56,494 [INFO] Problematic normalization
2023-03-15 20:01:56,494 [INFO] Problematic normalization
2023-03-15 20:01:56,494 [INFO] Problematic normalization
2023-03-15 20:01:56,494 [INFO] Problematic normalization
2023-03-15 20:01:56,494 [INFO] Problematic normalization
2023-03-15 20:01:56,494 [INFO] Problematic normalization
2023-03-15 20:01:56,495 [INFO] Problematic normalization
2023-03-15 20:01:56,495 [INFO] Problematic normalization
2023-03-15 20:01:56,495 [INFO] Problematic normalization
2023-03-15 20:01:56,495 [INFO] Problematic normalization
2023-03-15 20:01:56,495 [INFO] Problematic normalization
2023-03-15 20:01:56,495 [INFO] Problematic normalization
2023-03-15 20:01:56,495 [INFO] Problematic normalization
2023-03-15 20:01:56,496 [INFO] Problematic normalization
2023-03-15 20:01:56,496 [INFO] Problematic normalization
2023-03-15 20:01:56,497 [INFO] Problematic normalization
2023-03-15 20:01:56,497 [INFO] Problematic normalization
2023-03-15 20:01:56,498 [INFO] Problematic normalization
2023-03-15 20:01:56,498 [INFO] Problematic normalization
2023-03-15 20:01:56,502 [INFO] Problematic normalization
2023-03-15 20:01:56,502 [INFO] Problematic normalization
2023-03-15 20:01:56,502 [INFO] Problematic normalization
2023-03-15 20:01:56,502 [INFO] Problematic normalization
2023-03-15 20:02:15,018 [INFO] [7] TRAIN  loss: 3.298771915091886 acc: 0.18515950069348128
2023-03-15 20:02:15,018 [INFO] [7] VALIDATION  acc: 0.20178041543026706
2023-03-15 20:02:15,019 [INFO] 
2023-03-15 20:02:42,165 [INFO] Problematic normalization
2023-03-15 20:02:42,165 [INFO] Problematic normalization
2023-03-15 20:03:26,323 [INFO] Problematic normalization
2023-03-15 20:03:26,323 [INFO] Problematic normalization
2023-03-15 20:03:26,323 [INFO] Problematic normalization
2023-03-15 20:03:26,323 [INFO] Problematic normalization
2023-03-15 20:03:26,323 [INFO] Problematic normalization
2023-03-15 20:03:26,323 [INFO] Problematic normalization
2023-03-15 20:03:26,323 [INFO] Problematic normalization
2023-03-15 20:03:26,323 [INFO] Problematic normalization
2023-03-15 20:03:26,323 [INFO] Problematic normalization
2023-03-15 20:03:26,323 [INFO] Problematic normalization
2023-03-15 20:03:26,323 [INFO] Problematic normalization
2023-03-15 20:03:26,323 [INFO] Problematic normalization
2023-03-15 20:03:26,324 [INFO] Problematic normalization
2023-03-15 20:03:26,327 [INFO] Problematic normalization
2023-03-15 20:03:26,327 [INFO] Problematic normalization
2023-03-15 20:03:26,327 [INFO] Problematic normalization
2023-03-15 20:03:26,327 [INFO] Problematic normalization
2023-03-15 20:03:26,327 [INFO] Problematic normalization
2023-03-15 20:03:26,327 [INFO] Problematic normalization
2023-03-15 20:03:26,327 [INFO] Problematic normalization
2023-03-15 20:03:26,327 [INFO] Problematic normalization
2023-03-15 20:03:26,327 [INFO] Problematic normalization
2023-03-15 20:03:26,328 [INFO] Problematic normalization
2023-03-15 20:03:26,328 [INFO] Problematic normalization
2023-03-15 20:03:26,328 [INFO] Problematic normalization
2023-03-15 20:03:26,328 [INFO] Problematic normalization
2023-03-15 20:03:26,328 [INFO] Problematic normalization
2023-03-15 20:03:26,328 [INFO] Problematic normalization
2023-03-15 20:03:26,328 [INFO] Problematic normalization
2023-03-15 20:03:26,328 [INFO] Problematic normalization
2023-03-15 20:03:26,328 [INFO] Problematic normalization
2023-03-15 20:03:26,328 [INFO] Problematic normalization
2023-03-15 20:03:26,328 [INFO] Problematic normalization
2023-03-15 20:03:26,328 [INFO] Problematic normalization
2023-03-15 20:03:26,328 [INFO] Problematic normalization
2023-03-15 20:03:26,328 [INFO] Problematic normalization
2023-03-15 20:03:26,328 [INFO] Problematic normalization
2023-03-15 20:03:26,328 [INFO] Problematic normalization
2023-03-15 20:03:26,329 [INFO] Problematic normalization
2023-03-15 20:03:26,329 [INFO] Problematic normalization
2023-03-15 20:03:26,329 [INFO] Problematic normalization
2023-03-15 20:03:26,329 [INFO] Problematic normalization
2023-03-15 20:03:26,329 [INFO] Problematic normalization
2023-03-15 20:03:26,329 [INFO] Problematic normalization
2023-03-15 20:03:26,329 [INFO] Problematic normalization
2023-03-15 20:03:26,329 [INFO] Problematic normalization
2023-03-15 20:03:26,329 [INFO] Problematic normalization
2023-03-15 20:03:26,329 [INFO] Problematic normalization
2023-03-15 20:03:26,329 [INFO] Problematic normalization
2023-03-15 20:03:26,329 [INFO] Problematic normalization
2023-03-15 20:03:26,329 [INFO] Problematic normalization
2023-03-15 20:03:26,329 [INFO] Problematic normalization
2023-03-15 20:03:26,329 [INFO] Problematic normalization
2023-03-15 20:03:26,329 [INFO] Problematic normalization
2023-03-15 20:03:26,329 [INFO] Problematic normalization
2023-03-15 20:03:26,330 [INFO] Problematic normalization
2023-03-15 20:03:26,330 [INFO] Problematic normalization
2023-03-15 20:03:26,330 [INFO] Problematic normalization
2023-03-15 20:03:26,330 [INFO] Problematic normalization
2023-03-15 20:03:26,330 [INFO] Problematic normalization
2023-03-15 20:03:34,117 [INFO] Problematic normalization
2023-03-15 20:03:34,117 [INFO] Problematic normalization
2023-03-15 20:03:34,117 [INFO] Problematic normalization
2023-03-15 20:03:34,117 [INFO] Problematic normalization
2023-03-15 20:03:34,117 [INFO] Problematic normalization
2023-03-15 20:03:34,117 [INFO] Problematic normalization
2023-03-15 20:03:34,118 [INFO] Problematic normalization
2023-03-15 20:03:34,118 [INFO] Problematic normalization
2023-03-15 20:03:34,118 [INFO] Problematic normalization
2023-03-15 20:03:34,118 [INFO] Problematic normalization
2023-03-15 20:03:34,118 [INFO] Problematic normalization
2023-03-15 20:03:34,118 [INFO] Problematic normalization
2023-03-15 20:03:34,118 [INFO] Problematic normalization
2023-03-15 20:03:34,118 [INFO] Problematic normalization
2023-03-15 20:03:34,118 [INFO] Problematic normalization
2023-03-15 20:03:34,118 [INFO] Problematic normalization
2023-03-15 20:03:34,118 [INFO] Problematic normalization
2023-03-15 20:03:34,118 [INFO] Problematic normalization
2023-03-15 20:03:34,118 [INFO] Problematic normalization
2023-03-15 20:03:34,118 [INFO] Problematic normalization
2023-03-15 20:03:34,118 [INFO] Problematic normalization
2023-03-15 20:03:34,118 [INFO] Problematic normalization
2023-03-15 20:03:34,118 [INFO] Problematic normalization
2023-03-15 20:03:34,118 [INFO] Problematic normalization
2023-03-15 20:03:34,118 [INFO] Problematic normalization
2023-03-15 20:03:34,118 [INFO] Problematic normalization
2023-03-15 20:03:40,181 [INFO] Problematic normalization
2023-03-15 20:03:40,181 [INFO] Problematic normalization
2023-03-15 20:03:40,181 [INFO] Problematic normalization
2023-03-15 20:03:40,181 [INFO] Problematic normalization
2023-03-15 20:03:40,181 [INFO] Problematic normalization
2023-03-15 20:03:40,181 [INFO] Problematic normalization
2023-03-15 20:03:40,181 [INFO] Problematic normalization
2023-03-15 20:03:40,181 [INFO] Problematic normalization
2023-03-15 20:03:40,181 [INFO] Problematic normalization
2023-03-15 20:03:40,182 [INFO] Problematic normalization
2023-03-15 20:03:40,182 [INFO] Problematic normalization
2023-03-15 20:03:40,182 [INFO] Problematic normalization
2023-03-15 20:03:40,182 [INFO] Problematic normalization
2023-03-15 20:03:40,182 [INFO] Problematic normalization
2023-03-15 20:03:40,182 [INFO] Problematic normalization
2023-03-15 20:03:40,182 [INFO] Problematic normalization
2023-03-15 20:03:40,182 [INFO] Problematic normalization
2023-03-15 20:03:40,182 [INFO] Problematic normalization
2023-03-15 20:03:40,182 [INFO] Problematic normalization
2023-03-15 20:03:40,182 [INFO] Problematic normalization
2023-03-15 20:03:40,182 [INFO] Problematic normalization
2023-03-15 20:03:40,182 [INFO] Problematic normalization
2023-03-15 20:03:40,182 [INFO] Problematic normalization
2023-03-15 20:03:40,182 [INFO] Problematic normalization
2023-03-15 20:03:50,216 [INFO] Problematic normalization
2023-03-15 20:03:50,360 [INFO] Problematic normalization
2023-03-15 20:03:50,360 [INFO] Problematic normalization
2023-03-15 20:03:50,360 [INFO] Problematic normalization
2023-03-15 20:03:50,360 [INFO] Problematic normalization
2023-03-15 20:03:50,361 [INFO] Problematic normalization
2023-03-15 20:03:50,361 [INFO] Problematic normalization
2023-03-15 20:03:50,361 [INFO] Problematic normalization
2023-03-15 20:03:50,361 [INFO] Problematic normalization
2023-03-15 20:03:50,361 [INFO] Problematic normalization
2023-03-15 20:03:50,361 [INFO] Problematic normalization
2023-03-15 20:03:50,361 [INFO] Problematic normalization
2023-03-15 20:03:50,361 [INFO] Problematic normalization
2023-03-15 20:03:50,361 [INFO] Problematic normalization
2023-03-15 20:03:50,361 [INFO] Problematic normalization
2023-03-15 20:03:50,361 [INFO] Problematic normalization
2023-03-15 20:03:50,361 [INFO] Problematic normalization
2023-03-15 20:03:50,361 [INFO] Problematic normalization
2023-03-15 20:03:50,361 [INFO] Problematic normalization
2023-03-15 20:03:50,361 [INFO] Problematic normalization
2023-03-15 20:03:50,361 [INFO] Problematic normalization
2023-03-15 20:03:50,361 [INFO] Problematic normalization
2023-03-15 20:03:50,361 [INFO] Problematic normalization
2023-03-15 20:03:50,361 [INFO] Problematic normalization
2023-03-15 20:03:50,362 [INFO] Problematic normalization
2023-03-15 20:03:50,362 [INFO] Problematic normalization
2023-03-15 20:03:50,362 [INFO] Problematic normalization
2023-03-15 20:03:50,362 [INFO] Problematic normalization
2023-03-15 20:03:50,362 [INFO] Problematic normalization
2023-03-15 20:03:50,362 [INFO] Problematic normalization
2023-03-15 20:03:50,362 [INFO] Problematic normalization
2023-03-15 20:03:50,362 [INFO] Problematic normalization
2023-03-15 20:03:50,362 [INFO] Problematic normalization
2023-03-15 20:03:50,362 [INFO] Problematic normalization
2023-03-15 20:03:50,362 [INFO] Problematic normalization
2023-03-15 20:03:50,362 [INFO] Problematic normalization
2023-03-15 20:03:50,362 [INFO] Problematic normalization
2023-03-15 20:03:50,362 [INFO] Problematic normalization
2023-03-15 20:03:50,362 [INFO] Problematic normalization
2023-03-15 20:03:50,362 [INFO] Problematic normalization
2023-03-15 20:03:50,362 [INFO] Problematic normalization
2023-03-15 20:03:50,362 [INFO] Problematic normalization
2023-03-15 20:03:50,362 [INFO] Problematic normalization
2023-03-15 20:03:50,363 [INFO] Problematic normalization
2023-03-15 20:03:50,363 [INFO] Problematic normalization
2023-03-15 20:03:50,363 [INFO] Problematic normalization
2023-03-15 20:03:50,363 [INFO] Problematic normalization
2023-03-15 20:03:50,363 [INFO] Problematic normalization
2023-03-15 20:03:50,363 [INFO] Problematic normalization
2023-03-15 20:03:50,363 [INFO] Problematic normalization
2023-03-15 20:03:50,363 [INFO] Problematic normalization
2023-03-15 20:03:55,141 [INFO] Problematic normalization
2023-03-15 20:03:55,142 [INFO] Problematic normalization
2023-03-15 20:03:55,142 [INFO] Problematic normalization
2023-03-15 20:03:55,142 [INFO] Problematic normalization
2023-03-15 20:03:55,142 [INFO] Problematic normalization
2023-03-15 20:03:55,142 [INFO] Problematic normalization
2023-03-15 20:03:55,142 [INFO] Problematic normalization
2023-03-15 20:03:55,142 [INFO] Problematic normalization
2023-03-15 20:03:55,142 [INFO] Problematic normalization
2023-03-15 20:03:55,142 [INFO] Problematic normalization
2023-03-15 20:03:55,142 [INFO] Problematic normalization
2023-03-15 20:03:55,142 [INFO] Problematic normalization
2023-03-15 20:03:55,142 [INFO] Problematic normalization
2023-03-15 20:03:55,142 [INFO] Problematic normalization
2023-03-15 20:03:55,142 [INFO] Problematic normalization
2023-03-15 20:03:55,142 [INFO] Problematic normalization
2023-03-15 20:03:55,143 [INFO] Problematic normalization
2023-03-15 20:03:55,143 [INFO] Problematic normalization
2023-03-15 20:03:55,143 [INFO] Problematic normalization
2023-03-15 20:03:55,143 [INFO] Problematic normalization
2023-03-15 20:03:55,143 [INFO] Problematic normalization
2023-03-15 20:03:55,143 [INFO] Problematic normalization
2023-03-15 20:03:55,143 [INFO] Problematic normalization
2023-03-15 20:03:55,143 [INFO] Problematic normalization
2023-03-15 20:03:55,143 [INFO] Problematic normalization
2023-03-15 20:03:55,143 [INFO] Problematic normalization
2023-03-15 20:03:55,143 [INFO] Problematic normalization
2023-03-15 20:03:55,143 [INFO] Problematic normalization
2023-03-15 20:03:55,143 [INFO] Problematic normalization
2023-03-15 20:03:55,143 [INFO] Problematic normalization
2023-03-15 20:03:55,143 [INFO] Problematic normalization
2023-03-15 20:03:55,143 [INFO] Problematic normalization
2023-03-15 20:03:55,143 [INFO] Problematic normalization
2023-03-15 20:03:55,143 [INFO] Problematic normalization
2023-03-15 20:03:55,143 [INFO] Problematic normalization
2023-03-15 20:03:55,144 [INFO] Problematic normalization
2023-03-15 20:03:55,144 [INFO] Problematic normalization
2023-03-15 20:03:55,144 [INFO] Problematic normalization
2023-03-15 20:03:55,144 [INFO] Problematic normalization
2023-03-15 20:03:55,144 [INFO] Problematic normalization
2023-03-15 20:03:55,144 [INFO] Problematic normalization
2023-03-15 20:03:55,144 [INFO] Problematic normalization
2023-03-15 20:03:55,144 [INFO] Problematic normalization
2023-03-15 20:03:55,144 [INFO] Problematic normalization
2023-03-15 20:03:55,144 [INFO] Problematic normalization
2023-03-15 20:03:55,144 [INFO] Problematic normalization
2023-03-15 20:03:55,144 [INFO] Problematic normalization
2023-03-15 20:04:12,077 [INFO] Problematic normalization
2023-03-15 20:04:20,266 [INFO] Problematic normalization
2023-03-15 20:04:20,266 [INFO] Problematic normalization
2023-03-15 20:04:20,266 [INFO] Problematic normalization
2023-03-15 20:04:20,266 [INFO] Problematic normalization
2023-03-15 20:04:20,266 [INFO] Problematic normalization
2023-03-15 20:04:20,266 [INFO] Problematic normalization
2023-03-15 20:04:20,266 [INFO] Problematic normalization
2023-03-15 20:04:20,266 [INFO] Problematic normalization
2023-03-15 20:04:20,267 [INFO] Problematic normalization
2023-03-15 20:04:20,267 [INFO] Problematic normalization
2023-03-15 20:04:20,267 [INFO] Problematic normalization
2023-03-15 20:04:20,267 [INFO] Problematic normalization
2023-03-15 20:04:20,267 [INFO] Problematic normalization
2023-03-15 20:04:20,267 [INFO] Problematic normalization
2023-03-15 20:04:20,267 [INFO] Problematic normalization
2023-03-15 20:04:20,267 [INFO] Problematic normalization
2023-03-15 20:04:20,267 [INFO] Problematic normalization
2023-03-15 20:04:20,267 [INFO] Problematic normalization
2023-03-15 20:04:20,267 [INFO] Problematic normalization
2023-03-15 20:04:20,267 [INFO] Problematic normalization
2023-03-15 20:04:20,267 [INFO] Problematic normalization
2023-03-15 20:04:20,267 [INFO] Problematic normalization
2023-03-15 20:04:20,267 [INFO] Problematic normalization
2023-03-15 20:04:20,267 [INFO] Problematic normalization
2023-03-15 20:04:20,267 [INFO] Problematic normalization
2023-03-15 20:04:20,267 [INFO] Problematic normalization
2023-03-15 20:04:20,267 [INFO] Problematic normalization
2023-03-15 20:04:20,268 [INFO] Problematic normalization
2023-03-15 20:04:20,268 [INFO] Problematic normalization
2023-03-15 20:04:20,268 [INFO] Problematic normalization
2023-03-15 20:04:20,268 [INFO] Problematic normalization
2023-03-15 20:04:20,268 [INFO] Problematic normalization
2023-03-15 20:04:20,268 [INFO] Problematic normalization
2023-03-15 20:04:20,268 [INFO] Problematic normalization
2023-03-15 20:04:20,268 [INFO] Problematic normalization
2023-03-15 20:04:20,268 [INFO] Problematic normalization
2023-03-15 20:04:20,268 [INFO] Problematic normalization
2023-03-15 20:04:20,268 [INFO] Problematic normalization
2023-03-15 20:04:20,268 [INFO] Problematic normalization
2023-03-15 20:04:20,268 [INFO] Problematic normalization
2023-03-15 20:04:20,268 [INFO] Problematic normalization
2023-03-15 20:04:20,268 [INFO] Problematic normalization
2023-03-15 20:04:20,268 [INFO] Problematic normalization
2023-03-15 20:04:20,268 [INFO] Problematic normalization
2023-03-15 20:04:20,268 [INFO] Problematic normalization
2023-03-15 20:04:20,268 [INFO] Problematic normalization
2023-03-15 20:04:20,268 [INFO] Problematic normalization
2023-03-15 20:04:20,269 [INFO] Problematic normalization
2023-03-15 20:04:28,684 [INFO] Problematic normalization
2023-03-15 20:04:42,127 [INFO] Problematic normalization
2023-03-15 20:05:05,045 [INFO] Problematic normalization
2023-03-15 20:05:05,046 [INFO] Problematic normalization
2023-03-15 20:05:05,046 [INFO] Problematic normalization
2023-03-15 20:05:05,046 [INFO] Problematic normalization
2023-03-15 20:05:05,046 [INFO] Problematic normalization
2023-03-15 20:05:05,047 [INFO] Problematic normalization
2023-03-15 20:05:05,047 [INFO] Problematic normalization
2023-03-15 20:05:05,047 [INFO] Problematic normalization
2023-03-15 20:05:05,047 [INFO] Problematic normalization
2023-03-15 20:05:05,047 [INFO] Problematic normalization
2023-03-15 20:05:05,047 [INFO] Problematic normalization
2023-03-15 20:05:05,047 [INFO] Problematic normalization
2023-03-15 20:05:05,047 [INFO] Problematic normalization
2023-03-15 20:05:05,047 [INFO] Problematic normalization
2023-03-15 20:05:05,047 [INFO] Problematic normalization
2023-03-15 20:05:05,047 [INFO] Problematic normalization
2023-03-15 20:05:05,047 [INFO] Problematic normalization
2023-03-15 20:05:05,047 [INFO] Problematic normalization
2023-03-15 20:05:05,048 [INFO] Problematic normalization
2023-03-15 20:05:05,048 [INFO] Problematic normalization
2023-03-15 20:05:05,048 [INFO] Problematic normalization
2023-03-15 20:05:05,048 [INFO] Problematic normalization
2023-03-15 20:05:05,048 [INFO] Problematic normalization
2023-03-15 20:05:05,048 [INFO] Problematic normalization
2023-03-15 20:05:05,048 [INFO] Problematic normalization
2023-03-15 20:05:05,048 [INFO] Problematic normalization
2023-03-15 20:05:05,048 [INFO] Problematic normalization
2023-03-15 20:05:05,048 [INFO] Problematic normalization
2023-03-15 20:05:05,048 [INFO] Problematic normalization
2023-03-15 20:05:05,048 [INFO] Problematic normalization
2023-03-15 20:05:05,048 [INFO] Problematic normalization
2023-03-15 20:05:05,048 [INFO] Problematic normalization
2023-03-15 20:05:05,049 [INFO] Problematic normalization
2023-03-15 20:05:05,049 [INFO] Problematic normalization
2023-03-15 20:05:05,049 [INFO] Problematic normalization
2023-03-15 20:05:05,049 [INFO] Problematic normalization
2023-03-15 20:05:05,049 [INFO] Problematic normalization
2023-03-15 20:05:05,049 [INFO] Problematic normalization
2023-03-15 20:05:05,049 [INFO] Problematic normalization
2023-03-15 20:05:05,049 [INFO] Problematic normalization
2023-03-15 20:05:05,049 [INFO] Problematic normalization
2023-03-15 20:05:05,049 [INFO] Problematic normalization
2023-03-15 20:05:05,050 [INFO] Problematic normalization
2023-03-15 20:05:33,052 [INFO] [8] TRAIN  loss: 3.152222526222261 acc: 0.21983356449375868
2023-03-15 20:05:33,054 [INFO] [8] VALIDATION  acc: 0.228486646884273
2023-03-15 20:05:33,054 [INFO] 
